#
# A fatal error has been detected by the Java Runtime Environment:
#
#  SIGSEGV (0xb) at pc=0x0000000000000000, pid=6194, tid=0x0000000000000307
#
# JRE version: Java(TM) SE Runtime Environment (8.0_151-b12) (build 1.8.0_151-b12)
# Java VM: Java HotSpot(TM) 64-Bit Server VM (25.151-b12 mixed mode bsd-amd64 compressed oops)
# Problematic frame:
# C  0x0000000000000000
#
# Failed to write core dump. Core dumps have been disabled. To enable core dumping, try "ulimit -c unlimited" before starting Java again
#
# If you would like to submit a bug report, please visit:
#   http://bugreport.java.com/bugreport/crash.jsp
# The crash happened outside the Java Virtual Machine in native code.
# See problematic frame for where to report the bug.
#

---------------  T H R E A D  ---------------

Current thread (0x00007ff23e005000):  JavaThread "main" [_thread_in_native, id=775, stack(0x00007ffeeb87f000,0x00007ffeec07f000)]

siginfo: si_signo: 11 (SIGSEGV), si_code: 1 (SEGV_MAPERR), si_addr: 0x0000000000000000

Registers:
RAX=0x0000000000000010, RBX=0x00007ff23f641890, RCX=0x00007ff23f63f950, RDX=0x00007ff23f627640
RSP=0x00007ffeec079798, RBP=0x00007ffeec0797b0, RSI=0x00007fff384f7b2e, RDI=0x00007ff23ceebe80
R8 =0x0000000000000001, R9 =0x00007ff23f608550, R10=0x0287560102874600, R11=0x00007fff3c3c1c46
R12=0x0000000000000088, R13=0x00007ff23f627640, R14=0x00007ff23ceebe80, R15=0x00007ff23f63f950
RIP=0x0000000000000000, EFLAGS=0x0000000000010206, ERR=0x0000000000000014
  TRAPNO=0x000000000000000e

Top of Stack: (sp=0x00007ffeec079798)
0x00007ffeec079798:   00007fff3c38a513 00007ff23f641890
0x00007ffeec0797a8:   00007fff948fb028 00007ffeec079840
0x00007ffeec0797b8:   00007fff3c3c1c77 0000000000000000
0x00007ffeec0797c8:   0000000000000000 0000000000000000
0x00007ffeec0797d8:   0000000000000000 0000000000000000
0x00007ffeec0797e8:   0000000000000000 0000000000000000
0x00007ffeec0797f8:   0000000000000000 0000000000000000
0x00007ffeec079808:   0000000000000000 00007ff23ceebe80
0x00007ffeec079818:   00007ff23ceebe80 0000000000000088
0x00007ffeec079828:   0000000000000000 00007ff23f627640
0x00007ffeec079838:   00007fff93b1c940 00007ffeec079870
0x00007ffeec079848:   00007fff3c3c1bed 00007ff23ceebe80
0x00007ffeec079858:   00007ff23f627640 00007ff23ceebe80
0x00007ffeec079868:   00007fff61475e80 00007ffeec0798a0
0x00007ffeec079878:   00007fff37937f1e 00007fff61478160
0x00007ffeec079888:   00007ff23f627640 0000000000000000
0x00007ffeec079898:   00007fff61475e80 00007ffeec0798e0
0x00007ffeec0798a8:   00007fff37937d83 00007ffeec0798e0
0x00007ffeec0798b8:   00007fff4fbdaa3e 0000000000000000
0x00007ffeec0798c8:   00007ff23f627640 0000000000000000
0x00007ffeec0798d8:   00007ff23f627640 00007ffeec079910
0x00007ffeec0798e8:   00007fff4fc7f58e 00007ff23f627640
0x00007ffeec0798f8:   00007fff97774d20 00007fff61475e80
0x00007ffeec079908:   00007fff384f4d62 00007ffeec079b10
0x00007ffeec079918:   00007fff3780d8ef 0000000000000307
0x00007ffeec079928:   00007fff93c86858 00007ffeec079990
0x00007ffeec079938:   00007fff61476fbc 0000000000001400
0x00007ffeec079948:   0000000000000002 00007fff97774d20
0x00007ffeec079958:   00007ff23f627640 00000000ec0799b0
0x00007ffeec079968:   00007ff23f627640 00007ff23ce290b0
0x00007ffeec079978:   00007fff61475e80 00007ff23f627640
0x00007ffeec079988:   00007ff23f62cde0 00007ffeec0799e0 

Instructions: (pc=0x0000000000000000)
0xffffffffffffffe0:   

Register to memory mapping:

RAX=0x0000000000000010 is an unknown value
RBX=0x00007ff23f641890 is an unknown value
RCX=0x00007ff23f63f950 is an unknown value
RDX=0x00007ff23f627640 is an unknown value
RSP=0x00007ffeec079798 is pointing into the stack for thread: 0x00007ff23e005000
RBP=0x00007ffeec0797b0 is pointing into the stack for thread: 0x00007ff23e005000
RSI=0x00007fff384f7b2e: .str.41.llvm.DC87FEEF+0x77071 in /System/Library/Frameworks/AppKit.framework/Versions/C/AppKit at 0x00007fff377ea000
RDI=0x00007ff23ceebe80 is an unknown value
R8 =0x0000000000000001 is an unknown value
R9 =0x00007ff23f608550 is an unknown value
R10=0x0287560102874600 is an unknown value
R11=0x00007fff3c3c1c46: -[NSObject(NSKeyValueObserverRegistration) _removeObserver:forProperty:]+0 in /System/Library/Frameworks/Foundation.framework/Versions/C/Foundation at 0x00007fff3c36f000
R12=0x0000000000000088 is an unknown value
R13=0x00007ff23f627640 is an unknown value
R14=0x00007ff23ceebe80 is an unknown value
R15=0x00007ff23f63f950 is an unknown value


Stack: [0x00007ffeeb87f000,0x00007ffeec07f000],  sp=0x00007ffeec079798,  free space=8169k
Java frames: (J=compiled Java code, j=interpreted, Vv=VM code)
J 627  org.eclipse.swt.internal.cocoa.OS.objc_msgSend(JJJJ)J (0 bytes) @ 0x00000001122d118a [0x00000001122d1140+0x4a]
j  org.eclipse.swt.internal.cocoa.NSSavePanel.runModalForDirectory(Lorg/eclipse/swt/internal/cocoa/NSString;Lorg/eclipse/swt/internal/cocoa/NSString;)J+31
j  org.eclipse.swt.widgets.FileDialog.open()Ljava/lang/String;+641
j  com.ss.imageRecognitions.ImageRecognitions$1.widgetSelected(Lorg/eclipse/swt/events/SelectionEvent;)V+59
j  org.eclipse.swt.widgets.TypedListener.handleEvent(Lorg/eclipse/swt/widgets/Event;)V+1080
j  org.eclipse.swt.widgets.EventTable.sendEvent(Lorg/eclipse/swt/widgets/Event;)V+71
j  org.eclipse.swt.widgets.Display.sendEvent(Lorg/eclipse/swt/widgets/EventTable;Lorg/eclipse/swt/widgets/Event;)V+24
J 663 C1 org.eclipse.swt.widgets.Widget.sendEvent(ILorg/eclipse/swt/widgets/Event;Z)V (88 bytes) @ 0x00000001122e6974 [0x00000001122e6440+0x534]
J 666 C1 org.eclipse.swt.widgets.Display.runDeferredEvents()Z (113 bytes) @ 0x00000001122e8e54 [0x00000001122e83e0+0xa74]
J 656 C1 org.eclipse.swt.widgets.Display.readAndDispatch()Z (216 bytes) @ 0x00000001122e2164 [0x00000001122e16c0+0xaa4]
j  com.ss.imageRecognitions.ImageRecognitions.main([Ljava/lang/String;)V+71
v  ~StubRoutines::call_stub

---------------  P R O C E S S  ---------------

Java Threads: ( => current thread )
  0x00007ff23d8fb800 JavaThread "process reaper" daemon [_thread_blocked, id=14083, stack(0x00007000021f7000,0x000070000221f000)]
  0x00007ff23e037000 JavaThread "Service Thread" daemon [_thread_blocked, id=13315, stack(0x0000700001ff1000,0x00007000020f1000)]
  0x00007ff23d814000 JavaThread "C1 CompilerThread2" daemon [_thread_blocked, id=17667, stack(0x0000700001eee000,0x0000700001fee000)]
  0x00007ff23d813000 JavaThread "C2 CompilerThread1" daemon [_thread_blocked, id=18179, stack(0x0000700001deb000,0x0000700001eeb000)]
  0x00007ff23d01d000 JavaThread "C2 CompilerThread0" daemon [_thread_blocked, id=18435, stack(0x0000700001ce8000,0x0000700001de8000)]
  0x00007ff23d811800 JavaThread "Signal Dispatcher" daemon [_thread_blocked, id=19211, stack(0x0000700001be5000,0x0000700001ce5000)]
  0x00007ff23e00f800 JavaThread "Finalizer" daemon [_thread_blocked, id=12035, stack(0x0000700001ae2000,0x0000700001be2000)]
  0x00007ff23e004000 JavaThread "Reference Handler" daemon [_thread_blocked, id=11779, stack(0x00007000019df000,0x0000700001adf000)]
=>0x00007ff23e005000 JavaThread "main" [_thread_in_native, id=775, stack(0x00007ffeeb87f000,0x00007ffeec07f000)]

Other Threads:
  0x00007ff23d022000 VMThread [stack: 0x00007000018dc000,0x00007000019dc000] [id=11267]
  0x00007ff23e81d000 WatcherThread [stack: 0x00007000020f4000,0x00007000021f4000] [id=13827]

VM state:not at safepoint (normal execution)

VM Mutex/Monitor currently owned by a thread: None

Heap:
 PSYoungGen      total 38400K, used 25451K [0x0000000795580000, 0x0000000798000000, 0x00000007c0000000)
  eden space 33280K, 76% used [0x0000000795580000,0x0000000796e5af98,0x0000000797600000)
  from space 5120K, 0% used [0x0000000797b00000,0x0000000797b00000,0x0000000798000000)
  to   space 5120K, 0% used [0x0000000797600000,0x0000000797600000,0x0000000797b00000)
 ParOldGen       total 87552K, used 0K [0x0000000740000000, 0x0000000745580000, 0x0000000795580000)
  object space 87552K, 0% used [0x0000000740000000,0x0000000740000000,0x0000000745580000)
 Metaspace       used 7982K, capacity 8168K, committed 8448K, reserved 1056768K
  class space    used 938K, capacity 988K, committed 1024K, reserved 1048576K

Card table byte_map: [0x00000001057b8000,0x0000000105bb9000] byte_map_base: 0x0000000101db8000

Marking Bits: (ParMarkBitMap*) 0x0000000104cf35d0
 Begin Bits: [0x0000000105e64000, 0x0000000107e64000)
 End Bits:   [0x0000000107e64000, 0x0000000109e64000)

Polling page: 0x0000000103bfd000

CodeCache: size=245760Kb used=3160Kb max_used=3173Kb free=242599Kb
 bounds [0x000000011201e000, 0x000000011233e000, 0x000000012101e000]
 total_blobs=1150 nmethods=726 adapters=337
 compilation: enabled

Compilation events (10 events):
Event: 14.382 Thread 0x00007ff23d814000  721       1       org.eclipse.swt.widgets.Shell::isTransparent (2 bytes)
Event: 14.382 Thread 0x00007ff23d814000 nmethod 721 0x000000011230fc10 code [0x000000011230fd60, 0x000000011230fe70]
Event: 15.623 Thread 0x00007ff23d814000  723       3       org.eclipse.swt.widgets.Scrollable::isTrim (84 bytes)
Event: 15.623 Thread 0x00007ff23d814000 nmethod 723 0x00000001123332d0 code [0x0000000112333460, 0x0000000112333890]
Event: 16.407 Thread 0x00007ff23d01d000  724       4       java.lang.String::replace (127 bytes)
Event: 16.408 Thread 0x00007ff23d814000  725       3       sun.misc.Launcher$AppClassLoader::loadClass (85 bytes)
Event: 16.409 Thread 0x00007ff23d814000 nmethod 725 0x0000000112333b50 code [0x0000000112333d80, 0x0000000112334aa8]
Event: 16.409 Thread 0x00007ff23d814000  726  s    3       sun.misc.URLClassPath::knownToNotExist (24 bytes)
Event: 16.409 Thread 0x00007ff23d814000 nmethod 726 0x0000000112334f50 code [0x00000001123350c0, 0x0000000112335488]
Event: 16.416 Thread 0x00007ff23d01d000 nmethod 724 0x0000000112338610 code [0x0000000112338780, 0x0000000112338c38]

GC Heap History (0 events):
No events

Deoptimization events (3 events):
Event: 0.409 Thread 0x00007ff23e005000 Uncommon trap: reason=unstable_if action=reinterpret pc=0x00000001121dcc00 method=java.lang.String.replace(CC)Ljava/lang/String; @ 26
Event: 0.831 Thread 0x00007ff23e005000 Uncommon trap: reason=unstable_if action=reinterpret pc=0x00000001121ecb18 method=java.lang.String.indexOf([CII[CIII)I @ 3
Event: 7.433 Thread 0x00007ff23e005000 Uncommon trap: reason=unstable_if action=reinterpret pc=0x0000000112319a14 method=org.eclipse.swt.widgets.Display.windowProc(JJJ)J @ 82

Internal exceptions (10 events):
Event: 0.211 Thread 0x00007ff23e005000 Exception <a 'java/security/PrivilegedActionException'> (0x00000007959357a0) thrown at [/Users/java_re/workspace/8-2-build-macosx-x86_64/jdk8u151/9699/hotspot/src/share/vm/prims/jvm.cpp, line 1390]
Event: 0.211 Thread 0x00007ff23e005000 Exception <a 'java/security/PrivilegedActionException'> (0x00000007959359b0) thrown at [/Users/java_re/workspace/8-2-build-macosx-x86_64/jdk8u151/9699/hotspot/src/share/vm/prims/jvm.cpp, line 1390]
Event: 0.211 Thread 0x00007ff23e005000 Exception <a 'java/security/PrivilegedActionException'> (0x00000007959369d0) thrown at [/Users/java_re/workspace/8-2-build-macosx-x86_64/jdk8u151/9699/hotspot/src/share/vm/prims/jvm.cpp, line 1390]
Event: 0.211 Thread 0x00007ff23e005000 Exception <a 'java/security/PrivilegedActionException'> (0x0000000795936be0) thrown at [/Users/java_re/workspace/8-2-build-macosx-x86_64/jdk8u151/9699/hotspot/src/share/vm/prims/jvm.cpp, line 1390]
Event: 0.302 Thread 0x00007ff23e005000 Exception <a 'java/security/PrivilegedActionException'> (0x0000000795c3f380) thrown at [/Users/java_re/workspace/8-2-build-macosx-x86_64/jdk8u151/9699/hotspot/src/share/vm/prims/jvm.cpp, line 1390]
Event: 0.303 Thread 0x00007ff23e005000 Exception <a 'java/security/PrivilegedActionException'> (0x0000000795c3f590) thrown at [/Users/java_re/workspace/8-2-build-macosx-x86_64/jdk8u151/9699/hotspot/src/share/vm/prims/jvm.cpp, line 1390]
Event: 0.303 Thread 0x00007ff23e005000 Exception <a 'java/security/PrivilegedActionException'> (0x0000000795c428c0) thrown at [/Users/java_re/workspace/8-2-build-macosx-x86_64/jdk8u151/9699/hotspot/src/share/vm/prims/jvm.cpp, line 1390]
Event: 0.303 Thread 0x00007ff23e005000 Exception <a 'java/security/PrivilegedActionException'> (0x0000000795c42ad0) thrown at [/Users/java_re/workspace/8-2-build-macosx-x86_64/jdk8u151/9699/hotspot/src/share/vm/prims/jvm.cpp, line 1390]
Event: 0.361 Thread 0x00007ff23e005000 Exception <a 'java/lang/NoSuchFieldError': method resolution failed> (0x0000000795d18350) thrown at [/Users/java_re/workspace/8-2-build-macosx-x86_64/jdk8u151/9699/hotspot/src/share/vm/prims/methodHandles.cpp, line 1146]
Event: 0.364 Thread 0x00007ff23e005000 Exception <a 'java/lang/NoSuchFieldError': method resolution failed> (0x0000000795d25b20) thrown at [/Users/java_re/workspace/8-2-build-macosx-x86_64/jdk8u151/9699/hotspot/src/share/vm/prims/methodHandles.cpp, line 1146]

Events (10 events):
Event: 16.406 loading class org/eclipse/swt/events/SelectionEvent
Event: 16.406 loading class org/eclipse/swt/events/SelectionEvent done
Event: 16.407 loading class org/eclipse/swt/internal/cocoa/NSSavePanel
Event: 16.407 loading class org/eclipse/swt/internal/cocoa/NSSavePanel done
Event: 16.407 loading class org/eclipse/swt/internal/cocoa/NSPanel
Event: 16.407 loading class org/eclipse/swt/internal/cocoa/NSPanel done
Event: 16.408 loading class org/eclipse/swt/internal/cocoa/NSOpenPanel
Event: 16.408 loading class org/eclipse/swt/internal/cocoa/NSOpenPanel done
Event: 16.408 loading class org/eclipse/swt/internal/cocoa/SWTPanelDelegate
Event: 16.408 loading class org/eclipse/swt/internal/cocoa/SWTPanelDelegate done


Dynamic libraries:
0x00000000126f2000 	/System/Library/Frameworks/Cocoa.framework/Versions/A/Cocoa
0x00000000126f2000 	/System/Library/Frameworks/Security.framework/Versions/A/Security
0x00000000126f2000 	/System/Library/Frameworks/ApplicationServices.framework/Versions/A/ApplicationServices
0x00000000126f2000 	/usr/lib/libz.1.dylib
0x00000000126f2000 	/usr/lib/libSystem.B.dylib
0x00000000126f2000 	/usr/lib/libobjc.A.dylib
0x00000000126f2000 	/System/Library/Frameworks/CoreFoundation.framework/Versions/A/CoreFoundation
0x00000000126f2000 	/System/Library/Frameworks/Foundation.framework/Versions/C/Foundation
0x00000000126f2000 	/System/Library/Frameworks/AppKit.framework/Versions/C/AppKit
0x00000000126f2000 	/System/Library/Frameworks/CoreData.framework/Versions/A/CoreData
0x00000000126f2000 	/System/Library/PrivateFrameworks/RemoteViewServices.framework/Versions/A/RemoteViewServices
0x00000000126f2000 	/System/Library/PrivateFrameworks/UIFoundation.framework/Versions/A/UIFoundation
0x00000000126f2000 	/System/Library/PrivateFrameworks/DFRFoundation.framework/Versions/A/DFRFoundation
0x00000000126f2000 	/System/Library/Frameworks/Metal.framework/Versions/A/Metal
0x00000000126f2000 	/System/Library/PrivateFrameworks/DesktopServicesPriv.framework/Versions/A/DesktopServicesPriv
0x00000000126f2000 	/usr/lib/libenergytrace.dylib
0x00000000126f2000 	/System/Library/PrivateFrameworks/SkyLight.framework/Versions/A/SkyLight
0x00000000126f2000 	/System/Library/Frameworks/CoreGraphics.framework/Versions/A/CoreGraphics
0x00000000126f2000 	/usr/lib/libScreenReader.dylib
0x00000000126f2000 	/System/Library/Frameworks/Accelerate.framework/Versions/A/Accelerate
0x00000000126f2000 	/System/Library/Frameworks/IOSurface.framework/Versions/A/IOSurface
0x00000000126f2000 	/System/Library/Frameworks/AudioToolbox.framework/Versions/A/AudioToolbox
0x00000000126f2000 	/System/Library/Frameworks/AudioUnit.framework/Versions/A/AudioUnit
0x00000000126f2000 	/System/Library/PrivateFrameworks/DataDetectorsCore.framework/Versions/A/DataDetectorsCore
0x00000000126f2000 	/System/Library/Frameworks/Carbon.framework/Versions/A/Frameworks/HIToolbox.framework/Versions/A/HIToolbox
0x00000000126f2000 	/usr/lib/libicucore.A.dylib
0x00000000126f2000 	/System/Library/Frameworks/QuartzCore.framework/Versions/A/QuartzCore
0x00000000126f2000 	/System/Library/PrivateFrameworks/SignpostNotification.framework/Versions/A/SignpostNotification
0x00000000126f2000 	/System/Library/Frameworks/Carbon.framework/Versions/A/Frameworks/SpeechRecognition.framework/Versions/A/SpeechRecognition
0x00000000126f2000 	/usr/lib/libauto.dylib
0x00000000126f2000 	/usr/lib/libxml2.2.dylib
0x00000000126f2000 	/System/Library/PrivateFrameworks/CoreUI.framework/Versions/A/CoreUI
0x00000000126f2000 	/System/Library/Frameworks/CoreAudio.framework/Versions/A/CoreAudio
0x00000000126f2000 	/System/Library/Frameworks/DiskArbitration.framework/Versions/A/DiskArbitration
0x00000000126f2000 	/usr/lib/liblangid.dylib
0x00000000126f2000 	/System/Library/PrivateFrameworks/MultitouchSupport.framework/Versions/A/MultitouchSupport
0x00000000126f2000 	/System/Library/Frameworks/IOKit.framework/Versions/A/IOKit
0x00000000126f2000 	/usr/lib/libDiagnosticMessagesClient.dylib
0x00000000126f2000 	/System/Library/Frameworks/CoreServices.framework/Versions/A/CoreServices
0x00000000126f2000 	/System/Library/PrivateFrameworks/PerformanceAnalysis.framework/Versions/A/PerformanceAnalysis
0x00000000126f2000 	/System/Library/Frameworks/OpenGL.framework/Versions/A/OpenGL
0x00000000126f2000 	/System/Library/Frameworks/ColorSync.framework/Versions/A/ColorSync
0x00000000126f2000 	/System/Library/Frameworks/CoreImage.framework/Versions/A/CoreImage
0x00000000126f2000 	/System/Library/Frameworks/CoreText.framework/Versions/A/CoreText
0x00000000126f2000 	/System/Library/Frameworks/ImageIO.framework/Versions/A/ImageIO
0x00000000126f2000 	/System/Library/PrivateFrameworks/Backup.framework/Versions/A/Backup
0x00000000126f2000 	/usr/lib/libarchive.2.dylib
0x00000000126f2000 	/System/Library/Frameworks/CFNetwork.framework/Versions/A/CFNetwork
0x00000000126f2000 	/System/Library/Frameworks/SystemConfiguration.framework/Versions/A/SystemConfiguration
0x00000000126f2000 	/usr/lib/libCRFSuite.dylib
0x00000000126f2000 	/usr/lib/libc++.1.dylib
0x00000000126f2000 	/usr/lib/libc++abi.dylib
0x00000000126f2000 	/usr/lib/system/libcache.dylib
0x00000000126f2000 	/usr/lib/system/libcommonCrypto.dylib
0x00000000126f2000 	/usr/lib/system/libcompiler_rt.dylib
0x00000000126f2000 	/usr/lib/system/libcopyfile.dylib
0x00000000126f2000 	/usr/lib/system/libcorecrypto.dylib
0x00000000126f2000 	/usr/lib/system/libdispatch.dylib
0x00000000126f2000 	/usr/lib/system/libdyld.dylib
0x00000000126f2000 	/usr/lib/system/libkeymgr.dylib
0x00000000126f2000 	/usr/lib/system/liblaunch.dylib
0x00000000126f2000 	/usr/lib/system/libmacho.dylib
0x00000000126f2000 	/usr/lib/system/libquarantine.dylib
0x00000000126f2000 	/usr/lib/system/libremovefile.dylib
0x00000000126f2000 	/usr/lib/system/libsystem_asl.dylib
0x00000000126f2000 	/usr/lib/system/libsystem_blocks.dylib
0x00000000126f2000 	/usr/lib/system/libsystem_c.dylib
0x00000000126f2000 	/usr/lib/system/libsystem_configuration.dylib
0x00000000126f2000 	/usr/lib/system/libsystem_coreservices.dylib
0x00000000126f2000 	/usr/lib/system/libsystem_darwin.dylib
0x00000000126f2000 	/usr/lib/system/libsystem_dnssd.dylib
0x00000000126f2000 	/usr/lib/system/libsystem_info.dylib
0x00000000126f2000 	/usr/lib/system/libsystem_m.dylib
0x00000000126f2000 	/usr/lib/system/libsystem_malloc.dylib
0x00000000126f2000 	/usr/lib/system/libsystem_network.dylib
0x00000000126f2000 	/usr/lib/system/libsystem_networkextension.dylib
0x00000000126f2000 	/usr/lib/system/libsystem_notify.dylib
0x00000000126f2000 	/usr/lib/system/libsystem_sandbox.dylib
0x00000000126f2000 	/usr/lib/system/libsystem_secinit.dylib
0x00000000126f2000 	/usr/lib/system/libsystem_kernel.dylib
0x00000000126f2000 	/usr/lib/system/libsystem_platform.dylib
0x00000000126f2000 	/usr/lib/system/libsystem_pthread.dylib
0x00000000126f2000 	/usr/lib/system/libsystem_symptoms.dylib
0x00000000126f2000 	/usr/lib/system/libsystem_trace.dylib
0x00000000126f2000 	/usr/lib/system/libunwind.dylib
0x00000000126f2000 	/usr/lib/system/libxpc.dylib
0x00000000126f2000 	/usr/lib/closure/libclosured.dylib
0x00000000126f2000 	/usr/lib/libbsm.0.dylib
0x00000000126f2000 	/usr/lib/system/libkxld.dylib
0x00000000126f2000 	/usr/lib/libOpenScriptingUtil.dylib
0x00000000126f2000 	/usr/lib/libcoretls.dylib
0x00000000126f2000 	/usr/lib/libcoretls_cfhelpers.dylib
0x00000000126f2000 	/usr/lib/libpam.2.dylib
0x00000000126f2000 	/usr/lib/libsqlite3.dylib
0x00000000126f2000 	/usr/lib/libxar.1.dylib
0x00000000126f2000 	/usr/lib/libbz2.1.0.dylib
0x00000000126f2000 	/usr/lib/liblzma.5.dylib
0x00000000126f2000 	/usr/lib/libnetwork.dylib
0x00000000126f2000 	/usr/lib/libapple_nghttp2.dylib
0x00000000126f2000 	/usr/lib/libpcap.A.dylib
0x00000000126f2000 	/usr/lib/libboringssl.dylib
0x00000000126f2000 	/usr/lib/libusrtcp.dylib
0x00000000126f2000 	/usr/lib/libapple_crypto.dylib
0x00000000126f2000 	/System/Library/Frameworks/CoreServices.framework/Versions/A/Frameworks/FSEvents.framework/Versions/A/FSEvents
0x00000000126f2000 	/System/Library/Frameworks/CoreServices.framework/Versions/A/Frameworks/CarbonCore.framework/Versions/A/CarbonCore
0x00000000126f2000 	/System/Library/Frameworks/CoreServices.framework/Versions/A/Frameworks/Metadata.framework/Versions/A/Metadata
0x00000000126f2000 	/System/Library/Frameworks/CoreServices.framework/Versions/A/Frameworks/OSServices.framework/Versions/A/OSServices
0x00000000126f2000 	/System/Library/Frameworks/CoreServices.framework/Versions/A/Frameworks/SearchKit.framework/Versions/A/SearchKit
0x00000000126f2000 	/System/Library/Frameworks/CoreServices.framework/Versions/A/Frameworks/AE.framework/Versions/A/AE
0x00000000126f2000 	/System/Library/Frameworks/CoreServices.framework/Versions/A/Frameworks/LaunchServices.framework/Versions/A/LaunchServices
0x00000000126f2000 	/System/Library/Frameworks/CoreServices.framework/Versions/A/Frameworks/DictionaryServices.framework/Versions/A/DictionaryServices
0x00000000126f2000 	/System/Library/Frameworks/CoreServices.framework/Versions/A/Frameworks/SharedFileList.framework/Versions/A/SharedFileList
0x00000000126f2000 	/System/Library/Frameworks/NetFS.framework/Versions/A/NetFS
0x00000000126f2000 	/System/Library/PrivateFrameworks/NetAuth.framework/Versions/A/NetAuth
0x00000000126f2000 	/System/Library/PrivateFrameworks/login.framework/Versions/A/Frameworks/loginsupport.framework/Versions/A/loginsupport
0x00000000126f2000 	/System/Library/PrivateFrameworks/TCC.framework/Versions/A/TCC
0x00000000126f2000 	/usr/lib/libmecabra.dylib
0x00000000126f2000 	/System/Library/Frameworks/ApplicationServices.framework/Versions/A/Frameworks/ATS.framework/Versions/A/ATS
0x00000000126f2000 	/System/Library/Frameworks/ApplicationServices.framework/Versions/A/Frameworks/ColorSyncLegacy.framework/Versions/A/ColorSyncLegacy
0x00000000126f2000 	/System/Library/Frameworks/ApplicationServices.framework/Versions/A/Frameworks/HIServices.framework/Versions/A/HIServices
0x00000000126f2000 	/System/Library/Frameworks/ApplicationServices.framework/Versions/A/Frameworks/LangAnalysis.framework/Versions/A/LangAnalysis
0x00000000126f2000 	/System/Library/Frameworks/ApplicationServices.framework/Versions/A/Frameworks/PrintCore.framework/Versions/A/PrintCore
0x00000000126f2000 	/System/Library/Frameworks/ApplicationServices.framework/Versions/A/Frameworks/QD.framework/Versions/A/QD
0x00000000126f2000 	/System/Library/Frameworks/ApplicationServices.framework/Versions/A/Frameworks/SpeechSynthesis.framework/Versions/A/SpeechSynthesis
0x00000000126f2000 	/System/Library/Frameworks/CoreDisplay.framework/Versions/A/CoreDisplay
0x00000000126f2000 	/System/Library/Frameworks/Accelerate.framework/Versions/A/Frameworks/vImage.framework/Versions/A/vImage
0x00000000126f2000 	/System/Library/Frameworks/Accelerate.framework/Versions/A/Frameworks/vecLib.framework/Versions/A/vecLib
0x00000000126f2000 	/System/Library/Frameworks/Accelerate.framework/Versions/A/Frameworks/vecLib.framework/Versions/A/libvDSP.dylib
0x00000000126f2000 	/System/Library/Frameworks/Accelerate.framework/Versions/A/Frameworks/vecLib.framework/Versions/A/libBNNS.dylib
0x00000000126f2000 	/System/Library/Frameworks/Accelerate.framework/Versions/A/Frameworks/vecLib.framework/Versions/A/libQuadrature.dylib
0x00000000126f2000 	/System/Library/Frameworks/Accelerate.framework/Versions/A/Frameworks/vecLib.framework/Versions/A/libvMisc.dylib
0x00000000126f2000 	/System/Library/Frameworks/Accelerate.framework/Versions/A/Frameworks/vecLib.framework/Versions/A/libLAPACK.dylib
0x00000000126f2000 	/System/Library/Frameworks/Accelerate.framework/Versions/A/Frameworks/vecLib.framework/Versions/A/libBLAS.dylib
0x00000000126f2000 	/System/Library/Frameworks/Accelerate.framework/Versions/A/Frameworks/vecLib.framework/Versions/A/libLinearAlgebra.dylib
0x00000000126f2000 	/System/Library/Frameworks/Accelerate.framework/Versions/A/Frameworks/vecLib.framework/Versions/A/libSparse.dylib
0x00000000126f2000 	/System/Library/Frameworks/Accelerate.framework/Versions/A/Frameworks/vecLib.framework/Versions/A/libSparseBLAS.dylib
0x00000000126f2000 	/System/Library/PrivateFrameworks/GPUWrangler.framework/Versions/A/GPUWrangler
0x00000000126f2000 	/System/Library/PrivateFrameworks/IOAccelerator.framework/Versions/A/IOAccelerator
0x00000000126f2000 	/System/Library/PrivateFrameworks/IOPresentment.framework/Versions/A/IOPresentment
0x00000000126f2000 	/System/Library/PrivateFrameworks/DSExternalDisplay.framework/Versions/A/DSExternalDisplay
0x00000000126f2000 	/System/Library/Frameworks/OpenGL.framework/Versions/A/Libraries/libCoreFSCache.dylib
0x00000000126f2000 	/System/Library/Frameworks/CoreVideo.framework/Versions/A/CoreVideo
0x00000000126f2000 	/System/Library/PrivateFrameworks/GraphVisualizer.framework/Versions/A/GraphVisualizer
0x00000000126f2000 	/System/Library/Frameworks/MetalPerformanceShaders.framework/Versions/A/MetalPerformanceShaders
0x00000000126f2000 	/usr/lib/libFosl_dynamic.dylib
0x00000000126f2000 	/System/Library/PrivateFrameworks/FaceCore.framework/Versions/A/FaceCore
0x00000000126f2000 	/System/Library/Frameworks/OpenCL.framework/Versions/A/OpenCL
0x00000000126f2000 	/usr/lib/libcompression.dylib
0x00000000126f2000 	/System/Library/Frameworks/ApplicationServices.framework/Versions/A/Frameworks/ATS.framework/Versions/A/Resources/libFontParser.dylib
0x00000000126f2000 	/System/Library/Frameworks/ApplicationServices.framework/Versions/A/Frameworks/ATS.framework/Versions/A/Resources/libFontRegistry.dylib
0x00000000126f2000 	/System/Library/Frameworks/ImageIO.framework/Versions/A/Resources/libJPEG.dylib
0x00000000126f2000 	/System/Library/Frameworks/ImageIO.framework/Versions/A/Resources/libTIFF.dylib
0x00000000126f2000 	/System/Library/Frameworks/ImageIO.framework/Versions/A/Resources/libPng.dylib
0x00000000126f2000 	/System/Library/Frameworks/ImageIO.framework/Versions/A/Resources/libGIF.dylib
0x00000000126f2000 	/System/Library/Frameworks/ImageIO.framework/Versions/A/Resources/libJP2.dylib
0x00000000126f2000 	/System/Library/Frameworks/ImageIO.framework/Versions/A/Resources/libRadiance.dylib
0x00000000126f2000 	/System/Library/PrivateFrameworks/AppleJPEG.framework/Versions/A/AppleJPEG
0x00000000126f2000 	/System/Library/Frameworks/MetalPerformanceShaders.framework/Frameworks/MPSCore.framework/Versions/A/MPSCore
0x00000000126f2000 	/System/Library/Frameworks/MetalPerformanceShaders.framework/Frameworks/MPSImage.framework/Versions/A/MPSImage
0x00000000126f2000 	/System/Library/Frameworks/MetalPerformanceShaders.framework/Frameworks/MPSNeuralNetwork.framework/Versions/A/MPSNeuralNetwork
0x00000000126f2000 	/System/Library/Frameworks/MetalPerformanceShaders.framework/Frameworks/MPSMatrix.framework/Versions/A/MPSMatrix
0x00000000126f2000 	/System/Library/PrivateFrameworks/MetalTools.framework/Versions/A/MetalTools
0x00000000126f2000 	/System/Library/Frameworks/OpenGL.framework/Versions/A/Libraries/libGLU.dylib
0x00000000126f2000 	/System/Library/Frameworks/OpenGL.framework/Versions/A/Libraries/libGFXShared.dylib
0x00000000126f2000 	/System/Library/Frameworks/OpenGL.framework/Versions/A/Libraries/libGL.dylib
0x00000000126f2000 	/System/Library/Frameworks/OpenGL.framework/Versions/A/Libraries/libGLImage.dylib
0x00000000126f2000 	/System/Library/Frameworks/OpenGL.framework/Versions/A/Libraries/libCVMSPluginSupport.dylib
0x00000000126f2000 	/System/Library/Frameworks/OpenGL.framework/Versions/A/Libraries/libCoreVMClient.dylib
0x00000000126f2000 	/usr/lib/libcups.2.dylib
0x00000000126f2000 	/System/Library/Frameworks/Kerberos.framework/Versions/A/Kerberos
0x00000000126f2000 	/System/Library/Frameworks/GSS.framework/Versions/A/GSS
0x00000000126f2000 	/usr/lib/libresolv.9.dylib
0x00000000126f2000 	/usr/lib/libiconv.2.dylib
0x00000000126f2000 	/System/Library/PrivateFrameworks/Heimdal.framework/Versions/A/Heimdal
0x00000000126f2000 	/usr/lib/libheimdal-asn1.dylib
0x00000000126f2000 	/System/Library/Frameworks/OpenDirectory.framework/Versions/A/OpenDirectory
0x00000000126f2000 	/System/Library/PrivateFrameworks/CommonAuth.framework/Versions/A/CommonAuth
0x00000000126f2000 	/System/Library/Frameworks/OpenDirectory.framework/Versions/A/Frameworks/CFOpenDirectory.framework/Versions/A/CFOpenDirectory
0x00000000126f2000 	/System/Library/Frameworks/SecurityFoundation.framework/Versions/A/SecurityFoundation
0x00000000126f2000 	/System/Library/PrivateFrameworks/APFS.framework/Versions/A/APFS
0x00000000126f2000 	/usr/lib/libutil.dylib
0x00000000126f2000 	/System/Library/PrivateFrameworks/AppleSauce.framework/Versions/A/AppleSauce
0x00000000126f2000 	/System/Library/PrivateFrameworks/LinguisticData.framework/Versions/A/LinguisticData
0x00000000126f2000 	/usr/lib/libmarisa.dylib
0x00000000126f2000 	/System/Library/PrivateFrameworks/Lexicon.framework/Versions/A/Lexicon
0x00000000126f2000 	/usr/lib/libChineseTokenizer.dylib
0x00000000126f2000 	/usr/lib/libcmph.dylib
0x00000000126f2000 	/System/Library/PrivateFrameworks/LanguageModeling.framework/Versions/A/LanguageModeling
0x00000000126f2000 	/System/Library/PrivateFrameworks/CoreEmoji.framework/Versions/A/CoreEmoji
0x00000000126f2000 	/System/Library/Frameworks/ServiceManagement.framework/Versions/A/ServiceManagement
0x00000000126f2000 	/System/Library/PrivateFrameworks/BackgroundTaskManagement.framework/Versions/A/BackgroundTaskManagement
0x00000000126f2000 	/usr/lib/libxslt.1.dylib
0x00000000126f2000 	/System/Library/Frameworks/Carbon.framework/Versions/A/Frameworks/Ink.framework/Versions/A/Ink
0x00000000126f2000 	/System/Library/PrivateFrameworks/TextureIO.framework/Versions/A/TextureIO
0x00000000126f2000 	/usr/lib/libate.dylib
0x00000000126f2000 	/System/Library/PrivateFrameworks/CrashReporterSupport.framework/Versions/A/CrashReporterSupport
0x00000000126f2000 	/System/Library/PrivateFrameworks/Sharing.framework/Versions/A/Sharing
0x00000000126f2000 	/System/Library/PrivateFrameworks/IconServices.framework/Versions/A/IconServices
0x00000000126f2000 	/System/Library/PrivateFrameworks/Apple80211.framework/Versions/A/Apple80211
0x00000000126f2000 	/System/Library/PrivateFrameworks/CoreUtils.framework/Versions/A/CoreUtils
0x00000000126f2000 	/System/Library/Frameworks/CoreWLAN.framework/Versions/A/CoreWLAN
0x00000000126f2000 	/System/Library/Frameworks/IOBluetooth.framework/Versions/A/IOBluetooth
0x00000000126f2000 	/System/Library/PrivateFrameworks/ProtocolBuffer.framework/Versions/A/ProtocolBuffer
0x00000000126f2000 	/System/Library/PrivateFrameworks/CoreWiFi.framework/Versions/A/CoreWiFi
0x00000000126f2000 	/System/Library/Frameworks/CoreBluetooth.framework/Versions/A/CoreBluetooth
0x00000000126f2000 	/System/Library/PrivateFrameworks/DebugSymbols.framework/Versions/A/DebugSymbols
0x00000000126f2000 	/System/Library/PrivateFrameworks/CoreSymbolication.framework/Versions/A/CoreSymbolication
0x00000000126f2000 	/System/Library/PrivateFrameworks/Symbolication.framework/Versions/A/Symbolication
0x00000000126f2000 	/System/Library/PrivateFrameworks/AppleFSCompression.framework/Versions/A/AppleFSCompression
0x00000000126f2000 	/System/Library/PrivateFrameworks/SpeechRecognitionCore.framework/Versions/A/SpeechRecognitionCore
0x00000000126f2000 	/System/Library/CoreServices/Encodings/libSimplifiedChineseConverter.dylib
0x0000000104400000 	/Library/Java/JavaVirtualMachines/jdk1.8.0_151.jdk/Contents/Home/jre/lib/server/libjvm.dylib
0x00000000126f2000 	/usr/lib/libstdc++.6.0.9.dylib
0x0000000103bba000 	/Library/Java/JavaVirtualMachines/jdk1.8.0_151.jdk/Contents/Home/jre/lib/libverify.dylib
0x0000000103bc8000 	/Library/Java/JavaVirtualMachines/jdk1.8.0_151.jdk/Contents/Home/jre/lib/libjava.dylib
0x00000001053ef000 	/Library/Java/JavaVirtualMachines/jdk1.8.0_151.jdk/Contents/Home/jre/lib/libzip.dylib
0x00000000126f2000 	/System/Library/Frameworks/JavaVM.framework/Versions/A/Frameworks/JavaRuntimeSupport.framework/Versions/A/JavaRuntimeSupport
0x00000000126f2000 	/System/Library/Frameworks/JavaVM.framework/Versions/A/Frameworks/JavaNativeFoundation.framework/Versions/A/JavaNativeFoundation
0x00000000126f2000 	/System/Library/Frameworks/JavaVM.framework/Versions/A/JavaVM
0x00000000126f2000 	/System/Library/Frameworks/Carbon.framework/Versions/A/Carbon
0x00000000126f2000 	/System/Library/PrivateFrameworks/JavaLaunching.framework/Versions/A/JavaLaunching
0x00000000126f2000 	/System/Library/Frameworks/Carbon.framework/Versions/A/Frameworks/CommonPanels.framework/Versions/A/CommonPanels
0x00000000126f2000 	/System/Library/Frameworks/Carbon.framework/Versions/A/Frameworks/Help.framework/Versions/A/Help
0x00000000126f2000 	/System/Library/Frameworks/Carbon.framework/Versions/A/Frameworks/ImageCapture.framework/Versions/A/ImageCapture
0x00000000126f2000 	/System/Library/Frameworks/Carbon.framework/Versions/A/Frameworks/OpenScripting.framework/Versions/A/OpenScripting
0x00000000126f2000 	/System/Library/Frameworks/Carbon.framework/Versions/A/Frameworks/Print.framework/Versions/A/Print
0x00000000126f2000 	/System/Library/Frameworks/Carbon.framework/Versions/A/Frameworks/SecurityHI.framework/Versions/A/SecurityHI
0x000000010d974000 	/Users/zhenhai/.swt/lib/macosx/x86_64/libswt-cocoa-3735.jnilib
0x00000000126f2000 	/System/Library/Frameworks/WebKit.framework/Versions/A/WebKit
0x00000000126f2000 	/System/Library/Frameworks/JavaScriptCore.framework/Versions/A/JavaScriptCore
0x00000000126f2000 	/System/Library/Frameworks/SecurityInterface.framework/Versions/A/SecurityInterface
0x00000000126f2000 	/System/Library/Frameworks/WebKit.framework/Versions/A/Frameworks/WebKitLegacy.framework/Versions/A/WebKitLegacy
0x00000000126f2000 	/System/Library/Frameworks/WebKit.framework/Versions/A/Frameworks/WebCore.framework/Versions/A/WebCore
0x00000000126f2000 	/System/Library/Frameworks/WebKit.framework/Versions/A/Frameworks/WebCore.framework/Versions/A/Frameworks/libwebrtc.dylib
0x00000000126f2000 	/System/Library/PrivateFrameworks/CorePrediction.framework/Versions/A/CorePrediction
0x00000000126f2000 	/System/Library/Frameworks/VideoToolbox.framework/Versions/A/VideoToolbox
0x00000000126f2000 	/System/Library/Frameworks/CoreMedia.framework/Versions/A/CoreMedia
0x00000000126f2000 	/System/Library/PrivateFrameworks/AppleVA.framework/Versions/A/AppleVA
0x00000000126f2000 	/usr/lib/libspindump.dylib
0x00000000126f2000 	/System/Library/PrivateFrameworks/CoreOptimization.framework/Versions/A/CoreOptimization
0x000000010d9c1000 	/Users/zhenhai/.swt/lib/macosx/x86_64/libswt-pi-cocoa-3735.jnilib
0x00000000126f2000 	/System/Library/PrivateFrameworks/CoreServicesInternal.framework/Versions/A/CoreServicesInternal
0x00000000126f2000 	/System/Library/Frameworks/ApplicationServices.framework/Versions/A/Frameworks/ATS.framework/Versions/A/Resources/libTrueTypeScaler.dylib
0x00000000126f2000 	/System/Library/Frameworks/Accelerate.framework/Versions/A/Frameworks/vImage.framework/Versions/A/Libraries/libCGInterfaces.dylib
0x00000000126f2000 	/System/Library/Frameworks/ApplicationServices.framework/Versions/A/Frameworks/ATS.framework/Versions/A/Resources/libFontRegistryUI.dylib
0x00000000126f2000 	/System/Library/Frameworks/ApplicationServices.framework/Versions/A/Frameworks/ATS.framework/Versions/A/Resources/ATSHI.dylib
0x00000000126f2000 	/System/Library/PrivateFrameworks/FamilyControls.framework/Versions/A/FamilyControls
0x00000000126f2000 	/System/Library/PrivateFrameworks/CommerceKit.framework/Versions/A/Frameworks/CommerceCore.framework/Versions/A/CommerceCore
0x00000000126f2000 	/System/Library/PrivateFrameworks/SystemAdministration.framework/Versions/A/SystemAdministration
0x00000000126f2000 	/System/Library/PrivateFrameworks/AppContainer.framework/Versions/A/AppContainer
0x00000000126f2000 	/System/Library/PrivateFrameworks/SecCodeWrapper.framework/Versions/A/SecCodeWrapper
0x00000000126f2000 	/System/Library/PrivateFrameworks/DiskManagement.framework/Versions/A/DiskManagement
0x00000000126f2000 	/System/Library/Frameworks/DirectoryService.framework/Versions/A/DirectoryService
0x00000000126f2000 	/System/Library/PrivateFrameworks/DiskImages.framework/Versions/A/DiskImages
0x00000000126f2000 	/System/Library/PrivateFrameworks/LoginUIKit.framework/Versions/A/Frameworks/LoginUICore.framework/Versions/A/LoginUICore
0x00000000126f2000 	/usr/lib/libCoreStorage.dylib
0x00000000126f2000 	/usr/lib/libcsfde.dylib
0x00000000126f2000 	/usr/lib/libodfde.dylib
0x00000000126f2000 	/System/Library/PrivateFrameworks/MediaKit.framework/Versions/A/MediaKit
0x00000000126f2000 	/System/Library/Frameworks/DiscRecording.framework/Versions/A/DiscRecording
0x00000000126f2000 	/System/Library/PrivateFrameworks/EFILogin.framework/Versions/A/EFILogin
0x00000000126f2000 	/System/Library/PrivateFrameworks/ProtectedCloudStorage.framework/Versions/A/ProtectedCloudStorage
0x00000000126f2000 	/usr/lib/libcurl.4.dylib
0x00000000126f2000 	/usr/lib/libcrypto.35.dylib
0x00000000126f2000 	/usr/lib/libssl.35.dylib
0x00000000126f2000 	/System/Library/Frameworks/LDAP.framework/Versions/A/LDAP
0x00000000126f2000 	/System/Library/PrivateFrameworks/TrustEvaluationAgent.framework/Versions/A/TrustEvaluationAgent
0x00000000126f2000 	/usr/lib/libsasl2.2.dylib
0x00000000126f2000 	/System/Library/PrivateFrameworks/CoreDaemon.framework/Versions/B/CoreDaemon
0x00000000126f2000 	/System/Library/PrivateFrameworks/AppleSRP.framework/Versions/A/AppleSRP
0x00000000126f2000 	/System/Library/Extensions/AppleIntelBDWGraphicsMTLDriver.bundle/Contents/MacOS/AppleIntelBDWGraphicsMTLDriver
0x00000000126f2000 	/System/Library/PrivateFrameworks/GPUCompiler.framework/Versions/3802/Libraries/libmetal_timestamp.dylib
0x00000000126f2000 	/System/Library/PrivateFrameworks/ViewBridge.framework/Versions/A/ViewBridge
0x00000000126f2000 	/System/Library/CoreServices/RawCamera.bundle/Contents/MacOS/RawCamera
0x00000000126f2000 	/System/Library/PrivateFrameworks/MobileAsset.framework/Versions/A/MobileAsset
0x00000000126f2000 	/System/Library/PrivateFrameworks/StreamingZip.framework/Versions/A/StreamingZip
0x00000000126f2000 	/System/Library/Frameworks/MediaToolbox.framework/Versions/A/MediaToolbox
0x00000000126f2000 	/System/Library/PrivateFrameworks/CoreAVCHD.framework/Versions/A/CoreAVCHD
0x00000000126f2000 	/System/Library/Frameworks/MediaAccessibility.framework/Versions/A/MediaAccessibility
0x00000000126f2000 	/System/Library/PrivateFrameworks/Mangrove.framework/Versions/A/Mangrove
0x00000000126f2000 	/System/Library/PrivateFrameworks/CoreAUC.framework/Versions/A/CoreAUC
0x00000000126f2000 	/System/Library/PrivateFrameworks/FinderKit.framework/Versions/A/FinderKit
0x00000000126f2000 	/System/Library/Frameworks/Quartz.framework/Versions/A/Frameworks/QuickLookUI.framework/Versions/A/QuickLookUI
0x00000000126f2000 	/System/Library/Frameworks/Quartz.framework/Versions/A/Frameworks/ImageKit.framework/Versions/A/ImageKit
0x00000000126f2000 	/System/Library/Frameworks/QuickLook.framework/Versions/A/QuickLook
0x00000000126f2000 	/System/Library/PrivateFrameworks/AppleSystemInfo.framework/Versions/A/AppleSystemInfo
0x00000000126f2000 	/System/Library/Frameworks/ImageCaptureCore.framework/Versions/A/ImageCaptureCore
0x00000000126f2000 	/System/Library/PrivateFrameworks/Suggestions.framework/Versions/A/Suggestions
0x00000000126f2000 	/System/Library/Frameworks/SafariServices.framework/Versions/A/SafariServices
0x00000000126f2000 	/System/Library/Frameworks/QTKit.framework/Versions/A/QTKit
0x00000000126f2000 	/System/Library/PrivateFrameworks/MobileKeyBag.framework/Versions/A/MobileKeyBag
0x00000000126f2000 	/System/Library/Frameworks/AVFoundation.framework/Versions/A/AVFoundation
0x00000000126f2000 	/System/Library/PrivateFrameworks/CoreMediaAuthoring.framework/Versions/A/CoreMediaAuthoring
0x00000000126f2000 	/System/Library/Frameworks/CoreMediaIO.framework/Versions/A/CoreMediaIO
0x00000000126f2000 	/System/Library/Frameworks/AVFoundation.framework/Versions/A/Frameworks/AVFAudio.framework/Versions/A/AVFAudio
0x00000000126f2000 	/System/Library/PrivateFrameworks/IntlPreferences.framework/Versions/A/IntlPreferences
0x00000000126f2000 	/System/Library/PrivateFrameworks/RemoteServiceDiscovery.framework/Versions/A/RemoteServiceDiscovery
0x00000000126f2000 	/System/Library/PrivateFrameworks/RemoteXPC.framework/Versions/A/RemoteXPC
0x00000000126f2000 	/System/Library/PrivateFrameworks/InternationalSupport.framework/Versions/A/InternationalSupport
0x00000000126f2000 	/System/Library/PrivateFrameworks/QuickLookThumbnailing.framework/Versions/A/QuickLookThumbnailing
0x00000000126f2000 	/System/Library/PrivateFrameworks/GenerationalStorage.framework/Versions/A/GenerationalStorage
0x00000000126f2000 	/System/Library/PrivateFrameworks/ChunkingLibrary.framework/Versions/A/ChunkingLibrary
0x00000000126f2000 	/System/Library/PrivateFrameworks/DisplayServices.framework/Versions/A/DisplayServices
0x00000000126f2000 	/System/Library/Frameworks/Quartz.framework/Versions/A/Frameworks/PDFKit.framework/Versions/A/PDFKit
0x00000000126f2000 	/System/Library/Frameworks/Quartz.framework/Versions/A/Frameworks/QuartzComposer.framework/Versions/A/QuartzComposer
0x00000000126f2000 	/System/Library/Frameworks/Quartz.framework/Versions/A/Frameworks/QuartzFilters.framework/Versions/A/QuartzFilters
0x00000000126f2000 	/System/Library/PrivateFrameworks/CoreBrightness.framework/Versions/A/CoreBrightness
0x00000000126f2000 	/System/Library/PrivateFrameworks/BezelServices.framework/Versions/A/BezelServices
0x00000000126f2000 	/System/Library/PrivateFrameworks/CorePDF.framework/Versions/A/CorePDF
0x00000000126f2000 	/System/Library/Frameworks/AddressBook.framework/Versions/A/AddressBook
0x00000000126f2000 	/System/Library/PrivateFrameworks/ContactsPersistence.framework/Versions/A/ContactsPersistence
0x00000000126f2000 	/System/Library/PrivateFrameworks/ApplePushService.framework/Versions/A/ApplePushService
0x00000000126f2000 	/System/Library/PrivateFrameworks/CalendarAgentLink.framework/Versions/A/CalendarAgentLink
0x00000000126f2000 	/System/Library/PrivateFrameworks/ContactsFoundation.framework/Versions/A/ContactsFoundation
0x00000000126f2000 	/System/Library/PrivateFrameworks/CorePhoneNumbers.framework/Versions/A/CorePhoneNumbers
0x00000000126f2000 	/System/Library/Frameworks/Quartz.framework/Versions/A/Quartz
0x00000000126f2000 	/System/Library/PrivateFrameworks/ToneKit.framework/Versions/A/ToneKit
0x00000000126f2000 	/System/Library/PrivateFrameworks/ToneLibrary.framework/Versions/A/ToneLibrary
0x00000000126f2000 	/System/Library/PrivateFrameworks/vCard.framework/Versions/A/vCard
0x00000000126f2000 	/System/Library/Frameworks/Accounts.framework/Versions/A/Accounts
0x00000000126f2000 	/System/Library/PrivateFrameworks/PhoneNumbers.framework/Versions/A/PhoneNumbers
0x00000000126f2000 	/System/Library/PrivateFrameworks/CommonUtilities.framework/Versions/A/CommonUtilities
0x00000000126f2000 	/System/Library/PrivateFrameworks/CloudDocs.framework/Versions/A/CloudDocs
0x00000000126f2000 	/System/Library/PrivateFrameworks/FileProvider.framework/Versions/A/FileProvider
0x00000000126f2000 	/System/Library/PrivateFrameworks/SpotlightIndex.framework/Versions/A/SpotlightIndex
0x00000000126f2000 	/System/Library/PrivateFrameworks/SymptomDiagnosticReporter.framework/Versions/A/SymptomDiagnosticReporter
0x00000000126f2000 	/System/Library/PrivateFrameworks/CoreNLP.framework/Versions/A/CoreNLP
0x00000000126f2000 	/usr/lib/libmecab.1.0.0.dylib
0x00000000126f2000 	/usr/lib/libgermantok.dylib
0x00000000126f2000 	/usr/lib/libThaiTokenizer.dylib
0x00000000126f2000 	/System/Library/PrivateFrameworks/PlugInKit.framework/Versions/A/PlugInKit
0x00000000126f2000 	/System/Library/Frameworks/CloudKit.framework/Versions/A/CloudKit
0x00000000126f2000 	/System/Library/Frameworks/CoreLocation.framework/Versions/A/CoreLocation
0x00000000126f2000 	/System/Library/PrivateFrameworks/GeoServices.framework/Versions/A/GeoServices
0x00000000126f2000 	/System/Library/PrivateFrameworks/SharePointManagement.framework/Versions/A/SharePointManagement

VM Arguments:
jvm_args: -Dfile.encoding=UTF-8 
java_command: com.ss.imageRecognitions.ImageRecognitions
java_class_path (initial): /Library/Java/JavaVirtualMachines/jdk1.8.0_151.jdk/Contents/Home/jre/lib/resources.jar:/Library/Java/JavaVirtualMachines/jdk1.8.0_151.jdk/Contents/Home/jre/lib/rt.jar:/Library/Java/JavaVirtualMachines/jdk1.8.0_151.jdk/Contents/Home/jre/lib/jsse.jar:/Library/Java/JavaVirtualMachines/jdk1.8.0_151.jdk/Contents/Home/jre/lib/jce.jar:/Library/Java/JavaVirtualMachines/jdk1.8.0_151.jdk/Contents/Home/jre/lib/charsets.jar:/Library/Java/JavaVirtualMachines/jdk1.8.0_151.jdk/Contents/Home/jre/lib/jfr.jar:/Library/Java/JavaVirtualMachines/jdk1.8.0_151.jdk/Contents/Home/jre/lib/ext/sunec.jar:/Library/Java/JavaVirtualMachines/jdk1.8.0_151.jdk/Contents/Home/jre/lib/ext/nashorn.jar:/Library/Java/JavaVirtualMachines/jdk1.8.0_151.jdk/Contents/Home/jre/lib/ext/cldrdata.jar:/Library/Java/JavaVirtualMachines/jdk1.8.0_151.jdk/Contents/Home/jre/lib/ext/jfxrt.jar:/Library/Java/JavaVirtualMachines/jdk1.8.0_151.jdk/Contents/Home/jre/lib/ext/dnsns.jar:/Library/Java/JavaVirtualMachines/jdk1.8.0_151.jdk/Contents/Home/jre/lib/ext/localedata.jar:/Library/Java/JavaVirtualMachines/jdk1.8.0_151.jdk/Contents/Home/jre/lib/ext/sunjce_provider.jar:/Library/Java/JavaVirtualMachines/jdk1.8.0_151.jdk/Contents/Home/jre/lib/ext/sunpkcs11.jar:/Library/Java/JavaVirtualMachines/jdk1.8.0_151.jdk/Contents/Home/jre/lib/ext/jaccess.jar:/Library/Java/JavaVirtualMachines/jdk1.8.0_151.jdk/Contents/Home/jre/lib/ext/zipfs.jar:/System/Library/Java/Extensions/MRJToolkit.jar:/Users/zhenhai/Downloads/SoftwareCup/imageRecognitions/bin:/Users/zhenhai/Downloads/SoftwareCup/imageRecognitions/lib/calendarcombo-1.0.0.jar:/Users/zhenhai/Downloads/SoftwareCup/imageRecognitions/lib/collapsiblebuttons-1.0.0.jar:/Users/zhenhai/Downloads/SoftwareCup/imageRecognitions/lib/com.ibm.icu_3.8.1.v20080530.jar:/Users/zhenhai/Downloads/SoftwareCup/imageRecognitions/lib/commons-beanutils-1.9.2.jar:/Users/zhenhai/Downloads/SoftwareCup/imageRecognitions/lib/commons-io-2.6.jar:/Users/zhenhai/Downloads/SoftwareCup/imageRec
Launcher Type: SUN_STANDARD

Environment Variables:
PATH=/usr/bin:/bin:/usr/sbin:/sbin
SHELL=/bin/bash

Signal Handlers:
SIGSEGV: [libjvm.dylib+0x5b27a5], sa_mask[0]=11111111011111110111111111111111, sa_flags=SA_ONSTACK|SA_RESTART|SA_SIGINFO
SIGBUS: [libjvm.dylib+0x5b27a5], sa_mask[0]=11111111011111110111111111111111, sa_flags=SA_RESTART|SA_SIGINFO
SIGFPE: [libjvm.dylib+0x4891c4], sa_mask[0]=11111111011111110111111111111111, sa_flags=SA_RESTART|SA_SIGINFO
SIGPIPE: [libjvm.dylib+0x4891c4], sa_mask[0]=11111111011111110111111111111111, sa_flags=SA_RESTART|SA_SIGINFO
SIGXFSZ: [libjvm.dylib+0x4891c4], sa_mask[0]=11111111011111110111111111111111, sa_flags=SA_RESTART|SA_SIGINFO
SIGILL: [libjvm.dylib+0x4891c4], sa_mask[0]=11111111011111110111111111111111, sa_flags=SA_RESTART|SA_SIGINFO
SIGUSR1: SIG_DFL, sa_mask[0]=00000000000000000000000000000000, sa_flags=none
SIGUSR2: [libjvm.dylib+0x488ce2], sa_mask[0]=00100000000000000000000000000000, sa_flags=SA_RESTART|SA_SIGINFO
SIGHUP: [libjvm.dylib+0x4872b9], sa_mask[0]=11111111011111110111111111111111, sa_flags=SA_RESTART|SA_SIGINFO
SIGINT: [libjvm.dylib+0x4872b9], sa_mask[0]=11111111011111110111111111111111, sa_flags=SA_RESTART|SA_SIGINFO
SIGTERM: [libjvm.dylib+0x4872b9], sa_mask[0]=11111111011111110111111111111111, sa_flags=SA_RESTART|SA_SIGINFO
SIGQUIT: [libjvm.dylib+0x4872b9], sa_mask[0]=11111111011111110111111111111111, sa_flags=SA_RESTART|SA_SIGINFO


---------------  S Y S T E M  ---------------

OS:Bsduname:Darwin 17.6.0 Darwin Kernel Version 17.6.0: Tue May  8 15:22:16 PDT 2018; root:xnu-4570.61.1~1/RELEASE_X86_64 x86_64
rlimit: STACK 8192k, CORE 0k, NPROC 709, NOFILE 10240, AS infinity
load average:2.82 2.58 2.59

CPU:total 4 (initial active 4) (2 cores per cpu, 2 threads per core) family 6 model 61 stepping 4, cmov, cx8, fxsr, mmx, sse, sse2, sse3, ssse3, sse4.1, sse4.2, popcnt, avx, avx2, aes, clmul, erms, 3dnowpref, lzcnt, ht, tsc, tscinvbit, bmi1, bmi2, adx

Memory: 4k page, physical 8388608k(33236k free)

/proc/meminfo:


vm_info: Java HotSpot(TM) 64-Bit Server VM (25.151-b12) for bsd-amd64 JRE (1.8.0_151-b12), built on Sep  5 2017 19:37:08 by "java_re" with gcc 4.2.1 (Based on Apple Inc. build 5658) (LLVM build 2336.11.00)

time: Tue Jun  5 23:17:26 2018
elapsed time: 16 seconds (0d 0h 0m 16s)

