#
# A fatal error has been detected by the Java Runtime Environment:
#
#  SIGSEGV (0xb) at pc=0x0000000000000000, pid=6218, tid=0x0000000000000307
#
# JRE version: Java(TM) SE Runtime Environment (8.0_151-b12) (build 1.8.0_151-b12)
# Java VM: Java HotSpot(TM) 64-Bit Server VM (25.151-b12 mixed mode bsd-amd64 compressed oops)
# Problematic frame:
# C  0x0000000000000000
#
# Failed to write core dump. Core dumps have been disabled. To enable core dumping, try "ulimit -c unlimited" before starting Java again
#
# If you would like to submit a bug report, please visit:
#   http://bugreport.java.com/bugreport/crash.jsp
# The crash happened outside the Java Virtual Machine in native code.
# See problematic frame for where to report the bug.
#

---------------  T H R E A D  ---------------

Current thread (0x00007fdecb00f800):  JavaThread "main" [_thread_in_native, id=775, stack(0x00007ffee6b77000,0x00007ffee7377000)]

siginfo: si_signo: 11 (SIGSEGV), si_code: 1 (SEGV_MAPERR), si_addr: 0x0000000000000000

Registers:
RAX=0x0000000000000010, RBX=0x00007fdeccc4dbf0, RCX=0x00007fdecce46c90, RDX=0x00007fdecce39a40
RSP=0x00007ffee7371798, RBP=0x00007ffee73717b0, RSI=0x00007fff384f7b2e, RDI=0x00007fdeccc42b40
R8 =0x0000000000000001, R9 =0x00007fdecce42870, R10=0x027e7901027e4600, R11=0x00007fff3c3c1c46
R12=0x0000000000000088, R13=0x00007fdecce39a40, R14=0x00007fdeccc42b40, R15=0x00007fdecce46c90
RIP=0x0000000000000000, EFLAGS=0x0000000000010206, ERR=0x0000000000000014
  TRAPNO=0x000000000000000e

Top of Stack: (sp=0x00007ffee7371798)
0x00007ffee7371798:   00007fff3c38a513 00007fdeccc4dbf0
0x00007ffee73717a8:   00007fff948fb028 00007ffee7371840
0x00007ffee73717b8:   00007fff3c3c1c77 0000000000000000
0x00007ffee73717c8:   0000000000000000 0000000000000000
0x00007ffee73717d8:   0000000000000000 0000000000000000
0x00007ffee73717e8:   0000000000000000 0000000000000000
0x00007ffee73717f8:   0000000000000000 0000000000000000
0x00007ffee7371808:   0000000000000000 00007fdeccc42b40
0x00007ffee7371818:   00007fdeccc42b40 0000000000000088
0x00007ffee7371828:   0000000000000000 00007fdecce39a40
0x00007ffee7371838:   00007fff93b1c940 00007ffee7371870
0x00007ffee7371848:   00007fff3c3c1bed 00007fdeccc42b40
0x00007ffee7371858:   00007fdecce39a40 00007fdeccc42b40
0x00007ffee7371868:   00007fff61475e80 00007ffee73718a0
0x00007ffee7371878:   00007fff37937f1e 00007fff61478160
0x00007ffee7371888:   00007fdecce39a40 0000000000000000
0x00007ffee7371898:   00007fff61475e80 00007ffee73718e0
0x00007ffee73718a8:   00007fff37937d83 00007ffee73718e0
0x00007ffee73718b8:   00007fff4fbdaa3e 0000000000000000
0x00007ffee73718c8:   00007fdecce39a40 0000000000000000
0x00007ffee73718d8:   00007fdecce39a40 00007ffee7371910
0x00007ffee73718e8:   00007fff4fc7f58e 00007fdecce39a40
0x00007ffee73718f8:   00007fff97774d20 00007fff61475e80
0x00007ffee7371908:   00007fff384f4d62 00007ffee7371b10
0x00007ffee7371918:   00007fff3780d8ef 0000000000000307
0x00007ffee7371928:   00007fff93c86858 00007ffee7371990
0x00007ffee7371938:   00007fff61476fbc 0000000000001400
0x00007ffee7371948:   0000000000000002 00007fff97774d20
0x00007ffee7371958:   00007fdecce39a40 00000000e73719b0
0x00007ffee7371968:   00007fdecce39a40 00007fdeca73dd30
0x00007ffee7371978:   00007fff61475e80 00007fdecce39a40
0x00007ffee7371988:   00007fdecce3ec10 00007ffee73719e0 

Instructions: (pc=0x0000000000000000)
0xffffffffffffffe0:   

Register to memory mapping:

RAX=0x0000000000000010 is an unknown value
RBX=0x00007fdeccc4dbf0 is an unknown value
RCX=0x00007fdecce46c90 is an unknown value
RDX=0x00007fdecce39a40 is an unknown value
RSP=0x00007ffee7371798 is pointing into the stack for thread: 0x00007fdecb00f800
RBP=0x00007ffee73717b0 is pointing into the stack for thread: 0x00007fdecb00f800
RSI=0x00007fff384f7b2e: .str.41.llvm.DC87FEEF+0x77071 in /System/Library/Frameworks/AppKit.framework/Versions/C/AppKit at 0x00007fff377ea000
RDI=0x00007fdeccc42b40 is an unknown value
R8 =0x0000000000000001 is an unknown value
R9 =0x00007fdecce42870 is an unknown value
R10=0x027e7901027e4600 is an unknown value
R11=0x00007fff3c3c1c46: -[NSObject(NSKeyValueObserverRegistration) _removeObserver:forProperty:]+0 in /System/Library/Frameworks/Foundation.framework/Versions/C/Foundation at 0x00007fff3c36f000
R12=0x0000000000000088 is an unknown value
R13=0x00007fdecce39a40 is an unknown value
R14=0x00007fdeccc42b40 is an unknown value
R15=0x00007fdecce46c90 is an unknown value


Stack: [0x00007ffee6b77000,0x00007ffee7377000],  sp=0x00007ffee7371798,  free space=8169k
Java frames: (J=compiled Java code, j=interpreted, Vv=VM code)
J 460  org.eclipse.swt.internal.cocoa.OS.objc_msgSend(JJJJ)J (0 bytes) @ 0x00000001186ef20a [0x00000001186ef1c0+0x4a]
j  org.eclipse.swt.internal.cocoa.NSSavePanel.runModalForDirectory(Lorg/eclipse/swt/internal/cocoa/NSString;Lorg/eclipse/swt/internal/cocoa/NSString;)J+31
j  org.eclipse.swt.widgets.FileDialog.open()Ljava/lang/String;+641
j  com.ss.imageRecognitions.ImageRecognitions$1.widgetSelected(Lorg/eclipse/swt/events/SelectionEvent;)V+59
j  org.eclipse.swt.widgets.TypedListener.handleEvent(Lorg/eclipse/swt/widgets/Event;)V+1080
j  org.eclipse.swt.widgets.EventTable.sendEvent(Lorg/eclipse/swt/widgets/Event;)V+71
j  org.eclipse.swt.widgets.Display.sendEvent(Lorg/eclipse/swt/widgets/EventTable;Lorg/eclipse/swt/widgets/Event;)V+24
J 498 C1 org.eclipse.swt.widgets.Widget.sendEvent(ILorg/eclipse/swt/widgets/Event;Z)V (88 bytes) @ 0x0000000118706d74 [0x0000000118706840+0x534]
J 502 C1 org.eclipse.swt.widgets.Display.runDeferredEvents()Z (113 bytes) @ 0x000000011870a8d4 [0x0000000118709e60+0xa74]
J 487 C1 org.eclipse.swt.widgets.Display.readAndDispatch()Z (216 bytes) @ 0x00000001186fef24 [0x00000001186fe480+0xaa4]
j  com.ss.imageRecognitions.ImageRecognitions.main([Ljava/lang/String;)V+71
v  ~StubRoutines::call_stub

---------------  P R O C E S S  ---------------

Java Threads: ( => current thread )
  0x00007fdeca81d800 JavaThread "Service Thread" daemon [_thread_blocked, id=14851, stack(0x000070000aa2f000,0x000070000ab2f000)]
  0x00007fdeca821000 JavaThread "C1 CompilerThread2" daemon [_thread_blocked, id=19203, stack(0x000070000a92c000,0x000070000aa2c000)]
  0x00007fdeca820800 JavaThread "C2 CompilerThread1" daemon [_thread_blocked, id=14339, stack(0x000070000a829000,0x000070000a929000)]
  0x00007fdecb80e000 JavaThread "C2 CompilerThread0" daemon [_thread_blocked, id=13827, stack(0x000070000a726000,0x000070000a826000)]
  0x00007fdecb803000 JavaThread "Signal Dispatcher" daemon [_thread_blocked, id=13319, stack(0x000070000a623000,0x000070000a723000)]
  0x00007fdeca813800 JavaThread "Finalizer" daemon [_thread_blocked, id=20739, stack(0x000070000a49d000,0x000070000a59d000)]
  0x00007fdecc007800 JavaThread "Reference Handler" daemon [_thread_blocked, id=21251, stack(0x000070000a39a000,0x000070000a49a000)]
=>0x00007fdecb00f800 JavaThread "main" [_thread_in_native, id=775, stack(0x00007ffee6b77000,0x00007ffee7377000)]

Other Threads:
  0x00007fdecc003000 VMThread [stack: 0x000070000a297000,0x000070000a397000] [id=11011]
  0x00007fdecb04d800 WatcherThread [stack: 0x000070000ab32000,0x000070000ac32000] [id=15363]

VM state:not at safepoint (normal execution)

VM Mutex/Monitor currently owned by a thread: None

Heap:
 PSYoungGen      total 38400K, used 23047K [0x0000000795580000, 0x0000000798000000, 0x00000007c0000000)
  eden space 33280K, 69% used [0x0000000795580000,0x0000000796c01c78,0x0000000797600000)
  from space 5120K, 0% used [0x0000000797b00000,0x0000000797b00000,0x0000000798000000)
  to   space 5120K, 0% used [0x0000000797600000,0x0000000797600000,0x0000000797b00000)
 ParOldGen       total 87552K, used 0K [0x0000000740000000, 0x0000000745580000, 0x0000000795580000)
  object space 87552K, 0% used [0x0000000740000000,0x0000000740000000,0x0000000745580000)
 Metaspace       used 6821K, capacity 6976K, committed 7296K, reserved 1056768K
  class space    used 796K, capacity 810K, committed 896K, reserved 1048576K

Card table byte_map: [0x000000010a5c0000,0x000000010a9c1000] byte_map_base: 0x0000000106bc0000

Marking Bits: (ParMarkBitMap*) 0x00000001091b55d0
 Begin Bits: [0x000000010ac6c000, 0x000000010cc6c000)
 End Bits:   [0x000000010cc6c000, 0x000000010ec6c000)

Polling page: 0x00000001098ac000

CodeCache: size=245760Kb used=2760Kb max_used=2780Kb free=242999Kb
 bounds [0x000000011848a000, 0x000000011874a000, 0x000000012748a000]
 total_blobs=948 nmethods=549 adapters=313
 compilation: enabled

Compilation events (10 events):
Event: 70.839 Thread 0x00007fdeca821000  543       3       org.eclipse.swt.internal.cocoa.NSView::hitTest (44 bytes)
Event: 70.839 Thread 0x00007fdeca821000 nmethod 543 0x000000011872c590 code [0x000000011872c740, 0x000000011872cbe8]
Event: 70.860 Thread 0x00007fdeca821000  546       3       org.eclipse.swt.widgets.Control::findTooltip (2 bytes)
Event: 70.861 Thread 0x00007fdeca821000 nmethod 546 0x00000001187072d0 code [0x0000000118707420, 0x0000000118707570]
Event: 70.869 Thread 0x00007fdeca820800  547       4       org.eclipse.swt.widgets.Display::windowProc (2612 bytes)
Event: 70.879 Thread 0x00007fdecb80e000  548       4       org.eclipse.swt.internal.cocoa.NSPoint::<init> (5 bytes)
Event: 70.879 Thread 0x00007fdecb80e000 nmethod 548 0x000000011872c390 code [0x000000011872c4e0, 0x000000011872c538]
Event: 70.915 Thread 0x00007fdeca820800 nmethod 547 0x000000011873dbd0 code [0x000000011873e1a0, 0x0000000118740ab8]
Event: 70.978 Thread 0x00007fdecb80e000  549       4       java.lang.AbstractStringBuilder::append (50 bytes)
Event: 70.984 Thread 0x00007fdecb80e000 nmethod 549 0x000000011873a250 code [0x000000011873a3c0, 0x000000011873a818]

GC Heap History (0 events):
No events

Deoptimization events (4 events):
Event: 0.819 Thread 0x00007fdecb00f800 Uncommon trap: reason=unstable_if action=reinterpret pc=0x00000001185fb814 method=sun.misc.URLClassPath.getLoader(I)Lsun/misc/URLClassPath$Loader; @ 36
Event: 0.819 Thread 0x00007fdecb00f800 Uncommon trap: reason=unstable_if action=reinterpret pc=0x00000001185fabbc method=sun.misc.URLClassPath.getLoader(I)Lsun/misc/URLClassPath$Loader; @ 36
Event: 0.819 Thread 0x00007fdecb00f800 Uncommon trap: reason=unstable_if action=reinterpret pc=0x000000011860673c method=sun.misc.MetaIndex.mayContain(Ljava/lang/String;)Z @ 13
Event: 0.824 Thread 0x00007fdecb00f800 Uncommon trap: reason=unstable_if action=reinterpret pc=0x0000000118647528 method=java.lang.String.indexOf([CII[CIII)I @ 134

Internal exceptions (10 events):
Event: 0.218 Thread 0x00007fdecb00f800 Exception <a 'java/security/PrivilegedActionException'> (0x00000007959345f8) thrown at [/Users/java_re/workspace/8-2-build-macosx-x86_64/jdk8u151/9699/hotspot/src/share/vm/prims/jvm.cpp, line 1390]
Event: 0.218 Thread 0x00007fdecb00f800 Exception <a 'java/security/PrivilegedActionException'> (0x0000000795934808) thrown at [/Users/java_re/workspace/8-2-build-macosx-x86_64/jdk8u151/9699/hotspot/src/share/vm/prims/jvm.cpp, line 1390]
Event: 0.218 Thread 0x00007fdecb00f800 Exception <a 'java/security/PrivilegedActionException'> (0x00000007959357a0) thrown at [/Users/java_re/workspace/8-2-build-macosx-x86_64/jdk8u151/9699/hotspot/src/share/vm/prims/jvm.cpp, line 1390]
Event: 0.218 Thread 0x00007fdecb00f800 Exception <a 'java/security/PrivilegedActionException'> (0x00000007959359b0) thrown at [/Users/java_re/workspace/8-2-build-macosx-x86_64/jdk8u151/9699/hotspot/src/share/vm/prims/jvm.cpp, line 1390]
Event: 0.218 Thread 0x00007fdecb00f800 Exception <a 'java/security/PrivilegedActionException'> (0x00000007959369d0) thrown at [/Users/java_re/workspace/8-2-build-macosx-x86_64/jdk8u151/9699/hotspot/src/share/vm/prims/jvm.cpp, line 1390]
Event: 0.218 Thread 0x00007fdecb00f800 Exception <a 'java/security/PrivilegedActionException'> (0x0000000795936be0) thrown at [/Users/java_re/workspace/8-2-build-macosx-x86_64/jdk8u151/9699/hotspot/src/share/vm/prims/jvm.cpp, line 1390]
Event: 0.820 Thread 0x00007fdecb00f800 Exception <a 'java/security/PrivilegedActionException'> (0x000000079633f168) thrown at [/Users/java_re/workspace/8-2-build-macosx-x86_64/jdk8u151/9699/hotspot/src/share/vm/prims/jvm.cpp, line 1390]
Event: 0.820 Thread 0x00007fdecb00f800 Exception <a 'java/security/PrivilegedActionException'> (0x000000079633f378) thrown at [/Users/java_re/workspace/8-2-build-macosx-x86_64/jdk8u151/9699/hotspot/src/share/vm/prims/jvm.cpp, line 1390]
Event: 0.820 Thread 0x00007fdecb00f800 Exception <a 'java/security/PrivilegedActionException'> (0x0000000796342890) thrown at [/Users/java_re/workspace/8-2-build-macosx-x86_64/jdk8u151/9699/hotspot/src/share/vm/prims/jvm.cpp, line 1390]
Event: 0.820 Thread 0x00007fdecb00f800 Exception <a 'java/security/PrivilegedActionException'> (0x0000000796342aa0) thrown at [/Users/java_re/workspace/8-2-build-macosx-x86_64/jdk8u151/9699/hotspot/src/share/vm/prims/jvm.cpp, line 1390]

Events (10 events):
Event: 70.977 loading class org/eclipse/swt/events/SelectionEvent
Event: 70.977 loading class org/eclipse/swt/events/SelectionEvent done
Event: 70.978 loading class org/eclipse/swt/internal/cocoa/NSSavePanel
Event: 70.978 loading class org/eclipse/swt/internal/cocoa/NSSavePanel done
Event: 70.978 loading class org/eclipse/swt/internal/cocoa/NSPanel
Event: 70.978 loading class org/eclipse/swt/internal/cocoa/NSPanel done
Event: 70.979 loading class org/eclipse/swt/internal/cocoa/NSOpenPanel
Event: 70.979 loading class org/eclipse/swt/internal/cocoa/NSOpenPanel done
Event: 70.979 loading class org/eclipse/swt/internal/cocoa/SWTPanelDelegate
Event: 70.979 loading class org/eclipse/swt/internal/cocoa/SWTPanelDelegate done


Dynamic libraries:
0x00000000126f2000 	/System/Library/Frameworks/Cocoa.framework/Versions/A/Cocoa
0x00000000126f2000 	/System/Library/Frameworks/Security.framework/Versions/A/Security
0x00000000126f2000 	/System/Library/Frameworks/ApplicationServices.framework/Versions/A/ApplicationServices
0x00000000126f2000 	/usr/lib/libz.1.dylib
0x00000000126f2000 	/usr/lib/libSystem.B.dylib
0x00000000126f2000 	/usr/lib/libobjc.A.dylib
0x00000000126f2000 	/System/Library/Frameworks/CoreFoundation.framework/Versions/A/CoreFoundation
0x00000000126f2000 	/System/Library/Frameworks/Foundation.framework/Versions/C/Foundation
0x00000000126f2000 	/System/Library/Frameworks/AppKit.framework/Versions/C/AppKit
0x00000000126f2000 	/System/Library/Frameworks/CoreData.framework/Versions/A/CoreData
0x00000000126f2000 	/System/Library/PrivateFrameworks/RemoteViewServices.framework/Versions/A/RemoteViewServices
0x00000000126f2000 	/System/Library/PrivateFrameworks/UIFoundation.framework/Versions/A/UIFoundation
0x00000000126f2000 	/System/Library/PrivateFrameworks/DFRFoundation.framework/Versions/A/DFRFoundation
0x00000000126f2000 	/System/Library/Frameworks/Metal.framework/Versions/A/Metal
0x00000000126f2000 	/System/Library/PrivateFrameworks/DesktopServicesPriv.framework/Versions/A/DesktopServicesPriv
0x00000000126f2000 	/usr/lib/libenergytrace.dylib
0x00000000126f2000 	/System/Library/PrivateFrameworks/SkyLight.framework/Versions/A/SkyLight
0x00000000126f2000 	/System/Library/Frameworks/CoreGraphics.framework/Versions/A/CoreGraphics
0x00000000126f2000 	/usr/lib/libScreenReader.dylib
0x00000000126f2000 	/System/Library/Frameworks/Accelerate.framework/Versions/A/Accelerate
0x00000000126f2000 	/System/Library/Frameworks/IOSurface.framework/Versions/A/IOSurface
0x00000000126f2000 	/System/Library/Frameworks/AudioToolbox.framework/Versions/A/AudioToolbox
0x00000000126f2000 	/System/Library/Frameworks/AudioUnit.framework/Versions/A/AudioUnit
0x00000000126f2000 	/System/Library/PrivateFrameworks/DataDetectorsCore.framework/Versions/A/DataDetectorsCore
0x00000000126f2000 	/System/Library/Frameworks/Carbon.framework/Versions/A/Frameworks/HIToolbox.framework/Versions/A/HIToolbox
0x00000000126f2000 	/usr/lib/libicucore.A.dylib
0x00000000126f2000 	/System/Library/Frameworks/QuartzCore.framework/Versions/A/QuartzCore
0x00000000126f2000 	/System/Library/PrivateFrameworks/SignpostNotification.framework/Versions/A/SignpostNotification
0x00000000126f2000 	/System/Library/Frameworks/Carbon.framework/Versions/A/Frameworks/SpeechRecognition.framework/Versions/A/SpeechRecognition
0x00000000126f2000 	/usr/lib/libauto.dylib
0x00000000126f2000 	/usr/lib/libxml2.2.dylib
0x00000000126f2000 	/System/Library/PrivateFrameworks/CoreUI.framework/Versions/A/CoreUI
0x00000000126f2000 	/System/Library/Frameworks/CoreAudio.framework/Versions/A/CoreAudio
0x00000000126f2000 	/System/Library/Frameworks/DiskArbitration.framework/Versions/A/DiskArbitration
0x00000000126f2000 	/usr/lib/liblangid.dylib
0x00000000126f2000 	/System/Library/PrivateFrameworks/MultitouchSupport.framework/Versions/A/MultitouchSupport
0x00000000126f2000 	/System/Library/Frameworks/IOKit.framework/Versions/A/IOKit
0x00000000126f2000 	/usr/lib/libDiagnosticMessagesClient.dylib
0x00000000126f2000 	/System/Library/Frameworks/CoreServices.framework/Versions/A/CoreServices
0x00000000126f2000 	/System/Library/PrivateFrameworks/PerformanceAnalysis.framework/Versions/A/PerformanceAnalysis
0x00000000126f2000 	/System/Library/Frameworks/OpenGL.framework/Versions/A/OpenGL
0x00000000126f2000 	/System/Library/Frameworks/ColorSync.framework/Versions/A/ColorSync
0x00000000126f2000 	/System/Library/Frameworks/CoreImage.framework/Versions/A/CoreImage
0x00000000126f2000 	/System/Library/Frameworks/CoreText.framework/Versions/A/CoreText
0x00000000126f2000 	/System/Library/Frameworks/ImageIO.framework/Versions/A/ImageIO
0x00000000126f2000 	/System/Library/PrivateFrameworks/Backup.framework/Versions/A/Backup
0x00000000126f2000 	/usr/lib/libarchive.2.dylib
0x00000000126f2000 	/System/Library/Frameworks/CFNetwork.framework/Versions/A/CFNetwork
0x00000000126f2000 	/System/Library/Frameworks/SystemConfiguration.framework/Versions/A/SystemConfiguration
0x00000000126f2000 	/usr/lib/libCRFSuite.dylib
0x00000000126f2000 	/usr/lib/libc++.1.dylib
0x00000000126f2000 	/usr/lib/libc++abi.dylib
0x00000000126f2000 	/usr/lib/system/libcache.dylib
0x00000000126f2000 	/usr/lib/system/libcommonCrypto.dylib
0x00000000126f2000 	/usr/lib/system/libcompiler_rt.dylib
0x00000000126f2000 	/usr/lib/system/libcopyfile.dylib
0x00000000126f2000 	/usr/lib/system/libcorecrypto.dylib
0x00000000126f2000 	/usr/lib/system/libdispatch.dylib
0x00000000126f2000 	/usr/lib/system/libdyld.dylib
0x00000000126f2000 	/usr/lib/system/libkeymgr.dylib
0x00000000126f2000 	/usr/lib/system/liblaunch.dylib
0x00000000126f2000 	/usr/lib/system/libmacho.dylib
0x00000000126f2000 	/usr/lib/system/libquarantine.dylib
0x00000000126f2000 	/usr/lib/system/libremovefile.dylib
0x00000000126f2000 	/usr/lib/system/libsystem_asl.dylib
0x00000000126f2000 	/usr/lib/system/libsystem_blocks.dylib
0x00000000126f2000 	/usr/lib/system/libsystem_c.dylib
0x00000000126f2000 	/usr/lib/system/libsystem_configuration.dylib
0x00000000126f2000 	/usr/lib/system/libsystem_coreservices.dylib
0x00000000126f2000 	/usr/lib/system/libsystem_darwin.dylib
0x00000000126f2000 	/usr/lib/system/libsystem_dnssd.dylib
0x00000000126f2000 	/usr/lib/system/libsystem_info.dylib
0x00000000126f2000 	/usr/lib/system/libsystem_m.dylib
0x00000000126f2000 	/usr/lib/system/libsystem_malloc.dylib
0x00000000126f2000 	/usr/lib/system/libsystem_network.dylib
0x00000000126f2000 	/usr/lib/system/libsystem_networkextension.dylib
0x00000000126f2000 	/usr/lib/system/libsystem_notify.dylib
0x00000000126f2000 	/usr/lib/system/libsystem_sandbox.dylib
0x00000000126f2000 	/usr/lib/system/libsystem_secinit.dylib
0x00000000126f2000 	/usr/lib/system/libsystem_kernel.dylib
0x00000000126f2000 	/usr/lib/system/libsystem_platform.dylib
0x00000000126f2000 	/usr/lib/system/libsystem_pthread.dylib
0x00000000126f2000 	/usr/lib/system/libsystem_symptoms.dylib
0x00000000126f2000 	/usr/lib/system/libsystem_trace.dylib
0x00000000126f2000 	/usr/lib/system/libunwind.dylib
0x00000000126f2000 	/usr/lib/system/libxpc.dylib
0x00000000126f2000 	/usr/lib/closure/libclosured.dylib
0x00000000126f2000 	/usr/lib/libbsm.0.dylib
0x00000000126f2000 	/usr/lib/system/libkxld.dylib
0x00000000126f2000 	/usr/lib/libOpenScriptingUtil.dylib
0x00000000126f2000 	/usr/lib/libcoretls.dylib
0x00000000126f2000 	/usr/lib/libcoretls_cfhelpers.dylib
0x00000000126f2000 	/usr/lib/libpam.2.dylib
0x00000000126f2000 	/usr/lib/libsqlite3.dylib
0x00000000126f2000 	/usr/lib/libxar.1.dylib
0x00000000126f2000 	/usr/lib/libbz2.1.0.dylib
0x00000000126f2000 	/usr/lib/liblzma.5.dylib
0x00000000126f2000 	/usr/lib/libnetwork.dylib
0x00000000126f2000 	/usr/lib/libapple_nghttp2.dylib
0x00000000126f2000 	/usr/lib/libpcap.A.dylib
0x00000000126f2000 	/usr/lib/libboringssl.dylib
0x00000000126f2000 	/usr/lib/libusrtcp.dylib
0x00000000126f2000 	/usr/lib/libapple_crypto.dylib
0x00000000126f2000 	/System/Library/Frameworks/CoreServices.framework/Versions/A/Frameworks/FSEvents.framework/Versions/A/FSEvents
0x00000000126f2000 	/System/Library/Frameworks/CoreServices.framework/Versions/A/Frameworks/CarbonCore.framework/Versions/A/CarbonCore
0x00000000126f2000 	/System/Library/Frameworks/CoreServices.framework/Versions/A/Frameworks/Metadata.framework/Versions/A/Metadata
0x00000000126f2000 	/System/Library/Frameworks/CoreServices.framework/Versions/A/Frameworks/OSServices.framework/Versions/A/OSServices
0x00000000126f2000 	/System/Library/Frameworks/CoreServices.framework/Versions/A/Frameworks/SearchKit.framework/Versions/A/SearchKit
0x00000000126f2000 	/System/Library/Frameworks/CoreServices.framework/Versions/A/Frameworks/AE.framework/Versions/A/AE
0x00000000126f2000 	/System/Library/Frameworks/CoreServices.framework/Versions/A/Frameworks/LaunchServices.framework/Versions/A/LaunchServices
0x00000000126f2000 	/System/Library/Frameworks/CoreServices.framework/Versions/A/Frameworks/DictionaryServices.framework/Versions/A/DictionaryServices
0x00000000126f2000 	/System/Library/Frameworks/CoreServices.framework/Versions/A/Frameworks/SharedFileList.framework/Versions/A/SharedFileList
0x00000000126f2000 	/System/Library/Frameworks/NetFS.framework/Versions/A/NetFS
0x00000000126f2000 	/System/Library/PrivateFrameworks/NetAuth.framework/Versions/A/NetAuth
0x00000000126f2000 	/System/Library/PrivateFrameworks/login.framework/Versions/A/Frameworks/loginsupport.framework/Versions/A/loginsupport
0x00000000126f2000 	/System/Library/PrivateFrameworks/TCC.framework/Versions/A/TCC
0x00000000126f2000 	/usr/lib/libmecabra.dylib
0x00000000126f2000 	/System/Library/Frameworks/ApplicationServices.framework/Versions/A/Frameworks/ATS.framework/Versions/A/ATS
0x00000000126f2000 	/System/Library/Frameworks/ApplicationServices.framework/Versions/A/Frameworks/ColorSyncLegacy.framework/Versions/A/ColorSyncLegacy
0x00000000126f2000 	/System/Library/Frameworks/ApplicationServices.framework/Versions/A/Frameworks/HIServices.framework/Versions/A/HIServices
0x00000000126f2000 	/System/Library/Frameworks/ApplicationServices.framework/Versions/A/Frameworks/LangAnalysis.framework/Versions/A/LangAnalysis
0x00000000126f2000 	/System/Library/Frameworks/ApplicationServices.framework/Versions/A/Frameworks/PrintCore.framework/Versions/A/PrintCore
0x00000000126f2000 	/System/Library/Frameworks/ApplicationServices.framework/Versions/A/Frameworks/QD.framework/Versions/A/QD
0x00000000126f2000 	/System/Library/Frameworks/ApplicationServices.framework/Versions/A/Frameworks/SpeechSynthesis.framework/Versions/A/SpeechSynthesis
0x00000000126f2000 	/System/Library/Frameworks/CoreDisplay.framework/Versions/A/CoreDisplay
0x00000000126f2000 	/System/Library/Frameworks/Accelerate.framework/Versions/A/Frameworks/vImage.framework/Versions/A/vImage
0x00000000126f2000 	/System/Library/Frameworks/Accelerate.framework/Versions/A/Frameworks/vecLib.framework/Versions/A/vecLib
0x00000000126f2000 	/System/Library/Frameworks/Accelerate.framework/Versions/A/Frameworks/vecLib.framework/Versions/A/libvDSP.dylib
0x00000000126f2000 	/System/Library/Frameworks/Accelerate.framework/Versions/A/Frameworks/vecLib.framework/Versions/A/libBNNS.dylib
0x00000000126f2000 	/System/Library/Frameworks/Accelerate.framework/Versions/A/Frameworks/vecLib.framework/Versions/A/libQuadrature.dylib
0x00000000126f2000 	/System/Library/Frameworks/Accelerate.framework/Versions/A/Frameworks/vecLib.framework/Versions/A/libvMisc.dylib
0x00000000126f2000 	/System/Library/Frameworks/Accelerate.framework/Versions/A/Frameworks/vecLib.framework/Versions/A/libLAPACK.dylib
0x00000000126f2000 	/System/Library/Frameworks/Accelerate.framework/Versions/A/Frameworks/vecLib.framework/Versions/A/libBLAS.dylib
0x00000000126f2000 	/System/Library/Frameworks/Accelerate.framework/Versions/A/Frameworks/vecLib.framework/Versions/A/libLinearAlgebra.dylib
0x00000000126f2000 	/System/Library/Frameworks/Accelerate.framework/Versions/A/Frameworks/vecLib.framework/Versions/A/libSparse.dylib
0x00000000126f2000 	/System/Library/Frameworks/Accelerate.framework/Versions/A/Frameworks/vecLib.framework/Versions/A/libSparseBLAS.dylib
0x00000000126f2000 	/System/Library/PrivateFrameworks/GPUWrangler.framework/Versions/A/GPUWrangler
0x00000000126f2000 	/System/Library/PrivateFrameworks/IOAccelerator.framework/Versions/A/IOAccelerator
0x00000000126f2000 	/System/Library/PrivateFrameworks/IOPresentment.framework/Versions/A/IOPresentment
0x00000000126f2000 	/System/Library/PrivateFrameworks/DSExternalDisplay.framework/Versions/A/DSExternalDisplay
0x00000000126f2000 	/System/Library/Frameworks/OpenGL.framework/Versions/A/Libraries/libCoreFSCache.dylib
0x00000000126f2000 	/System/Library/Frameworks/CoreVideo.framework/Versions/A/CoreVideo
0x00000000126f2000 	/System/Library/PrivateFrameworks/GraphVisualizer.framework/Versions/A/GraphVisualizer
0x00000000126f2000 	/System/Library/Frameworks/MetalPerformanceShaders.framework/Versions/A/MetalPerformanceShaders
0x00000000126f2000 	/usr/lib/libFosl_dynamic.dylib
0x00000000126f2000 	/System/Library/PrivateFrameworks/FaceCore.framework/Versions/A/FaceCore
0x00000000126f2000 	/System/Library/Frameworks/OpenCL.framework/Versions/A/OpenCL
0x00000000126f2000 	/usr/lib/libcompression.dylib
0x00000000126f2000 	/System/Library/Frameworks/ApplicationServices.framework/Versions/A/Frameworks/ATS.framework/Versions/A/Resources/libFontParser.dylib
0x00000000126f2000 	/System/Library/Frameworks/ApplicationServices.framework/Versions/A/Frameworks/ATS.framework/Versions/A/Resources/libFontRegistry.dylib
0x00000000126f2000 	/System/Library/Frameworks/ImageIO.framework/Versions/A/Resources/libJPEG.dylib
0x00000000126f2000 	/System/Library/Frameworks/ImageIO.framework/Versions/A/Resources/libTIFF.dylib
0x00000000126f2000 	/System/Library/Frameworks/ImageIO.framework/Versions/A/Resources/libPng.dylib
0x00000000126f2000 	/System/Library/Frameworks/ImageIO.framework/Versions/A/Resources/libGIF.dylib
0x00000000126f2000 	/System/Library/Frameworks/ImageIO.framework/Versions/A/Resources/libJP2.dylib
0x00000000126f2000 	/System/Library/Frameworks/ImageIO.framework/Versions/A/Resources/libRadiance.dylib
0x00000000126f2000 	/System/Library/PrivateFrameworks/AppleJPEG.framework/Versions/A/AppleJPEG
0x00000000126f2000 	/System/Library/Frameworks/MetalPerformanceShaders.framework/Frameworks/MPSCore.framework/Versions/A/MPSCore
0x00000000126f2000 	/System/Library/Frameworks/MetalPerformanceShaders.framework/Frameworks/MPSImage.framework/Versions/A/MPSImage
0x00000000126f2000 	/System/Library/Frameworks/MetalPerformanceShaders.framework/Frameworks/MPSNeuralNetwork.framework/Versions/A/MPSNeuralNetwork
0x00000000126f2000 	/System/Library/Frameworks/MetalPerformanceShaders.framework/Frameworks/MPSMatrix.framework/Versions/A/MPSMatrix
0x00000000126f2000 	/System/Library/PrivateFrameworks/MetalTools.framework/Versions/A/MetalTools
0x00000000126f2000 	/System/Library/Frameworks/OpenGL.framework/Versions/A/Libraries/libGLU.dylib
0x00000000126f2000 	/System/Library/Frameworks/OpenGL.framework/Versions/A/Libraries/libGFXShared.dylib
0x00000000126f2000 	/System/Library/Frameworks/OpenGL.framework/Versions/A/Libraries/libGL.dylib
0x00000000126f2000 	/System/Library/Frameworks/OpenGL.framework/Versions/A/Libraries/libGLImage.dylib
0x00000000126f2000 	/System/Library/Frameworks/OpenGL.framework/Versions/A/Libraries/libCVMSPluginSupport.dylib
0x00000000126f2000 	/System/Library/Frameworks/OpenGL.framework/Versions/A/Libraries/libCoreVMClient.dylib
0x00000000126f2000 	/usr/lib/libcups.2.dylib
0x00000000126f2000 	/System/Library/Frameworks/Kerberos.framework/Versions/A/Kerberos
0x00000000126f2000 	/System/Library/Frameworks/GSS.framework/Versions/A/GSS
0x00000000126f2000 	/usr/lib/libresolv.9.dylib
0x00000000126f2000 	/usr/lib/libiconv.2.dylib
0x00000000126f2000 	/System/Library/PrivateFrameworks/Heimdal.framework/Versions/A/Heimdal
0x00000000126f2000 	/usr/lib/libheimdal-asn1.dylib
0x00000000126f2000 	/System/Library/Frameworks/OpenDirectory.framework/Versions/A/OpenDirectory
0x00000000126f2000 	/System/Library/PrivateFrameworks/CommonAuth.framework/Versions/A/CommonAuth
0x00000000126f2000 	/System/Library/Frameworks/OpenDirectory.framework/Versions/A/Frameworks/CFOpenDirectory.framework/Versions/A/CFOpenDirectory
0x00000000126f2000 	/System/Library/Frameworks/SecurityFoundation.framework/Versions/A/SecurityFoundation
0x00000000126f2000 	/System/Library/PrivateFrameworks/APFS.framework/Versions/A/APFS
0x00000000126f2000 	/usr/lib/libutil.dylib
0x00000000126f2000 	/System/Library/PrivateFrameworks/AppleSauce.framework/Versions/A/AppleSauce
0x00000000126f2000 	/System/Library/PrivateFrameworks/LinguisticData.framework/Versions/A/LinguisticData
0x00000000126f2000 	/usr/lib/libmarisa.dylib
0x00000000126f2000 	/System/Library/PrivateFrameworks/Lexicon.framework/Versions/A/Lexicon
0x00000000126f2000 	/usr/lib/libChineseTokenizer.dylib
0x00000000126f2000 	/usr/lib/libcmph.dylib
0x00000000126f2000 	/System/Library/PrivateFrameworks/LanguageModeling.framework/Versions/A/LanguageModeling
0x00000000126f2000 	/System/Library/PrivateFrameworks/CoreEmoji.framework/Versions/A/CoreEmoji
0x00000000126f2000 	/System/Library/Frameworks/ServiceManagement.framework/Versions/A/ServiceManagement
0x00000000126f2000 	/System/Library/PrivateFrameworks/BackgroundTaskManagement.framework/Versions/A/BackgroundTaskManagement
0x00000000126f2000 	/usr/lib/libxslt.1.dylib
0x00000000126f2000 	/System/Library/Frameworks/Carbon.framework/Versions/A/Frameworks/Ink.framework/Versions/A/Ink
0x00000000126f2000 	/System/Library/PrivateFrameworks/TextureIO.framework/Versions/A/TextureIO
0x00000000126f2000 	/usr/lib/libate.dylib
0x00000000126f2000 	/System/Library/PrivateFrameworks/CrashReporterSupport.framework/Versions/A/CrashReporterSupport
0x00000000126f2000 	/System/Library/PrivateFrameworks/Sharing.framework/Versions/A/Sharing
0x00000000126f2000 	/System/Library/PrivateFrameworks/IconServices.framework/Versions/A/IconServices
0x00000000126f2000 	/System/Library/PrivateFrameworks/Apple80211.framework/Versions/A/Apple80211
0x00000000126f2000 	/System/Library/PrivateFrameworks/CoreUtils.framework/Versions/A/CoreUtils
0x00000000126f2000 	/System/Library/Frameworks/CoreWLAN.framework/Versions/A/CoreWLAN
0x00000000126f2000 	/System/Library/Frameworks/IOBluetooth.framework/Versions/A/IOBluetooth
0x00000000126f2000 	/System/Library/PrivateFrameworks/ProtocolBuffer.framework/Versions/A/ProtocolBuffer
0x00000000126f2000 	/System/Library/PrivateFrameworks/CoreWiFi.framework/Versions/A/CoreWiFi
0x00000000126f2000 	/System/Library/Frameworks/CoreBluetooth.framework/Versions/A/CoreBluetooth
0x00000000126f2000 	/System/Library/PrivateFrameworks/DebugSymbols.framework/Versions/A/DebugSymbols
0x00000000126f2000 	/System/Library/PrivateFrameworks/CoreSymbolication.framework/Versions/A/CoreSymbolication
0x00000000126f2000 	/System/Library/PrivateFrameworks/Symbolication.framework/Versions/A/Symbolication
0x00000000126f2000 	/System/Library/PrivateFrameworks/AppleFSCompression.framework/Versions/A/AppleFSCompression
0x00000000126f2000 	/System/Library/PrivateFrameworks/SpeechRecognitionCore.framework/Versions/A/SpeechRecognitionCore
0x00000000126f2000 	/System/Library/CoreServices/Encodings/libSimplifiedChineseConverter.dylib
0x00000001088c2000 	/Library/Java/JavaVirtualMachines/jdk1.8.0_151.jdk/Contents/Home/jre/lib/server/libjvm.dylib
0x00000000126f2000 	/usr/lib/libstdc++.6.0.9.dylib
0x0000000109869000 	/Library/Java/JavaVirtualMachines/jdk1.8.0_151.jdk/Contents/Home/jre/lib/libverify.dylib
0x0000000109877000 	/Library/Java/JavaVirtualMachines/jdk1.8.0_151.jdk/Contents/Home/jre/lib/libjava.dylib
0x00000001098f6000 	/Library/Java/JavaVirtualMachines/jdk1.8.0_151.jdk/Contents/Home/jre/lib/libzip.dylib
0x00000000126f2000 	/System/Library/Frameworks/JavaVM.framework/Versions/A/Frameworks/JavaRuntimeSupport.framework/Versions/A/JavaRuntimeSupport
0x00000000126f2000 	/System/Library/Frameworks/JavaVM.framework/Versions/A/Frameworks/JavaNativeFoundation.framework/Versions/A/JavaNativeFoundation
0x00000000126f2000 	/System/Library/Frameworks/JavaVM.framework/Versions/A/JavaVM
0x00000000126f2000 	/System/Library/Frameworks/Carbon.framework/Versions/A/Carbon
0x00000000126f2000 	/System/Library/PrivateFrameworks/JavaLaunching.framework/Versions/A/JavaLaunching
0x00000000126f2000 	/System/Library/Frameworks/Carbon.framework/Versions/A/Frameworks/CommonPanels.framework/Versions/A/CommonPanels
0x00000000126f2000 	/System/Library/Frameworks/Carbon.framework/Versions/A/Frameworks/Help.framework/Versions/A/Help
0x00000000126f2000 	/System/Library/Frameworks/Carbon.framework/Versions/A/Frameworks/ImageCapture.framework/Versions/A/ImageCapture
0x00000000126f2000 	/System/Library/Frameworks/Carbon.framework/Versions/A/Frameworks/OpenScripting.framework/Versions/A/OpenScripting
0x00000000126f2000 	/System/Library/Frameworks/Carbon.framework/Versions/A/Frameworks/Print.framework/Versions/A/Print
0x00000000126f2000 	/System/Library/Frameworks/Carbon.framework/Versions/A/Frameworks/SecurityHI.framework/Versions/A/SecurityHI
0x000000011267c000 	/Users/zhenhai/.swt/lib/macosx/x86_64/libswt-cocoa-3735.jnilib
0x00000000126f2000 	/System/Library/Frameworks/WebKit.framework/Versions/A/WebKit
0x00000000126f2000 	/System/Library/Frameworks/JavaScriptCore.framework/Versions/A/JavaScriptCore
0x00000000126f2000 	/System/Library/Frameworks/SecurityInterface.framework/Versions/A/SecurityInterface
0x00000000126f2000 	/System/Library/Frameworks/WebKit.framework/Versions/A/Frameworks/WebKitLegacy.framework/Versions/A/WebKitLegacy
0x00000000126f2000 	/System/Library/Frameworks/WebKit.framework/Versions/A/Frameworks/WebCore.framework/Versions/A/WebCore
0x00000000126f2000 	/System/Library/Frameworks/WebKit.framework/Versions/A/Frameworks/WebCore.framework/Versions/A/Frameworks/libwebrtc.dylib
0x00000000126f2000 	/System/Library/PrivateFrameworks/CorePrediction.framework/Versions/A/CorePrediction
0x00000000126f2000 	/System/Library/Frameworks/VideoToolbox.framework/Versions/A/VideoToolbox
0x00000000126f2000 	/System/Library/Frameworks/CoreMedia.framework/Versions/A/CoreMedia
0x00000000126f2000 	/System/Library/PrivateFrameworks/AppleVA.framework/Versions/A/AppleVA
0x00000000126f2000 	/usr/lib/libspindump.dylib
0x00000000126f2000 	/System/Library/PrivateFrameworks/CoreOptimization.framework/Versions/A/CoreOptimization
0x00000001126c9000 	/Users/zhenhai/.swt/lib/macosx/x86_64/libswt-pi-cocoa-3735.jnilib
0x00000000126f2000 	/System/Library/PrivateFrameworks/CoreServicesInternal.framework/Versions/A/CoreServicesInternal
0x00000000126f2000 	/System/Library/Frameworks/ApplicationServices.framework/Versions/A/Frameworks/ATS.framework/Versions/A/Resources/libTrueTypeScaler.dylib
0x00000000126f2000 	/System/Library/Frameworks/Accelerate.framework/Versions/A/Frameworks/vImage.framework/Versions/A/Libraries/libCGInterfaces.dylib
0x00000000126f2000 	/System/Library/Frameworks/ApplicationServices.framework/Versions/A/Frameworks/ATS.framework/Versions/A/Resources/libFontRegistryUI.dylib
0x00000000126f2000 	/System/Library/Frameworks/ApplicationServices.framework/Versions/A/Frameworks/ATS.framework/Versions/A/Resources/ATSHI.dylib
0x00000000126f2000 	/System/Library/PrivateFrameworks/FamilyControls.framework/Versions/A/FamilyControls
0x00000000126f2000 	/System/Library/PrivateFrameworks/CommerceKit.framework/Versions/A/Frameworks/CommerceCore.framework/Versions/A/CommerceCore
0x00000000126f2000 	/System/Library/PrivateFrameworks/SystemAdministration.framework/Versions/A/SystemAdministration
0x00000000126f2000 	/System/Library/PrivateFrameworks/AppContainer.framework/Versions/A/AppContainer
0x00000000126f2000 	/System/Library/PrivateFrameworks/SecCodeWrapper.framework/Versions/A/SecCodeWrapper
0x00000000126f2000 	/System/Library/PrivateFrameworks/DiskManagement.framework/Versions/A/DiskManagement
0x00000000126f2000 	/System/Library/Frameworks/DirectoryService.framework/Versions/A/DirectoryService
0x00000000126f2000 	/System/Library/PrivateFrameworks/DiskImages.framework/Versions/A/DiskImages
0x00000000126f2000 	/System/Library/PrivateFrameworks/LoginUIKit.framework/Versions/A/Frameworks/LoginUICore.framework/Versions/A/LoginUICore
0x00000000126f2000 	/usr/lib/libCoreStorage.dylib
0x00000000126f2000 	/usr/lib/libcsfde.dylib
0x00000000126f2000 	/usr/lib/libodfde.dylib
0x00000000126f2000 	/System/Library/PrivateFrameworks/MediaKit.framework/Versions/A/MediaKit
0x00000000126f2000 	/System/Library/Frameworks/DiscRecording.framework/Versions/A/DiscRecording
0x00000000126f2000 	/System/Library/PrivateFrameworks/EFILogin.framework/Versions/A/EFILogin
0x00000000126f2000 	/System/Library/PrivateFrameworks/ProtectedCloudStorage.framework/Versions/A/ProtectedCloudStorage
0x00000000126f2000 	/usr/lib/libcurl.4.dylib
0x00000000126f2000 	/usr/lib/libcrypto.35.dylib
0x00000000126f2000 	/usr/lib/libssl.35.dylib
0x00000000126f2000 	/System/Library/Frameworks/LDAP.framework/Versions/A/LDAP
0x00000000126f2000 	/System/Library/PrivateFrameworks/TrustEvaluationAgent.framework/Versions/A/TrustEvaluationAgent
0x00000000126f2000 	/usr/lib/libsasl2.2.dylib
0x00000000126f2000 	/System/Library/PrivateFrameworks/CoreDaemon.framework/Versions/B/CoreDaemon
0x00000000126f2000 	/System/Library/PrivateFrameworks/AppleSRP.framework/Versions/A/AppleSRP
0x00000000126f2000 	/System/Library/Extensions/AppleIntelBDWGraphicsMTLDriver.bundle/Contents/MacOS/AppleIntelBDWGraphicsMTLDriver
0x00000000126f2000 	/System/Library/PrivateFrameworks/GPUCompiler.framework/Versions/3802/Libraries/libmetal_timestamp.dylib
0x00000000126f2000 	/System/Library/PrivateFrameworks/ViewBridge.framework/Versions/A/ViewBridge
0x00000000126f2000 	/System/Library/CoreServices/RawCamera.bundle/Contents/MacOS/RawCamera
0x00000000126f2000 	/System/Library/PrivateFrameworks/MobileAsset.framework/Versions/A/MobileAsset
0x00000000126f2000 	/System/Library/PrivateFrameworks/StreamingZip.framework/Versions/A/StreamingZip
0x00000000126f2000 	/System/Library/Frameworks/MediaToolbox.framework/Versions/A/MediaToolbox
0x00000000126f2000 	/System/Library/PrivateFrameworks/CoreAVCHD.framework/Versions/A/CoreAVCHD
0x00000000126f2000 	/System/Library/Frameworks/MediaAccessibility.framework/Versions/A/MediaAccessibility
0x00000000126f2000 	/System/Library/PrivateFrameworks/Mangrove.framework/Versions/A/Mangrove
0x00000000126f2000 	/System/Library/PrivateFrameworks/CoreAUC.framework/Versions/A/CoreAUC
0x00000000126f2000 	/System/Library/PrivateFrameworks/FinderKit.framework/Versions/A/FinderKit
0x00000000126f2000 	/System/Library/Frameworks/Quartz.framework/Versions/A/Frameworks/QuickLookUI.framework/Versions/A/QuickLookUI
0x00000000126f2000 	/System/Library/Frameworks/Quartz.framework/Versions/A/Frameworks/ImageKit.framework/Versions/A/ImageKit
0x00000000126f2000 	/System/Library/Frameworks/QuickLook.framework/Versions/A/QuickLook
0x00000000126f2000 	/System/Library/PrivateFrameworks/AppleSystemInfo.framework/Versions/A/AppleSystemInfo
0x00000000126f2000 	/System/Library/Frameworks/ImageCaptureCore.framework/Versions/A/ImageCaptureCore
0x00000000126f2000 	/System/Library/PrivateFrameworks/Suggestions.framework/Versions/A/Suggestions
0x00000000126f2000 	/System/Library/Frameworks/SafariServices.framework/Versions/A/SafariServices
0x00000000126f2000 	/System/Library/Frameworks/QTKit.framework/Versions/A/QTKit
0x00000000126f2000 	/System/Library/PrivateFrameworks/MobileKeyBag.framework/Versions/A/MobileKeyBag
0x00000000126f2000 	/System/Library/Frameworks/AVFoundation.framework/Versions/A/AVFoundation
0x00000000126f2000 	/System/Library/PrivateFrameworks/CoreMediaAuthoring.framework/Versions/A/CoreMediaAuthoring
0x00000000126f2000 	/System/Library/Frameworks/CoreMediaIO.framework/Versions/A/CoreMediaIO
0x00000000126f2000 	/System/Library/Frameworks/AVFoundation.framework/Versions/A/Frameworks/AVFAudio.framework/Versions/A/AVFAudio
0x00000000126f2000 	/System/Library/PrivateFrameworks/IntlPreferences.framework/Versions/A/IntlPreferences
0x00000000126f2000 	/System/Library/PrivateFrameworks/RemoteServiceDiscovery.framework/Versions/A/RemoteServiceDiscovery
0x00000000126f2000 	/System/Library/PrivateFrameworks/RemoteXPC.framework/Versions/A/RemoteXPC
0x00000000126f2000 	/System/Library/PrivateFrameworks/InternationalSupport.framework/Versions/A/InternationalSupport
0x00000000126f2000 	/System/Library/PrivateFrameworks/QuickLookThumbnailing.framework/Versions/A/QuickLookThumbnailing
0x00000000126f2000 	/System/Library/PrivateFrameworks/GenerationalStorage.framework/Versions/A/GenerationalStorage
0x00000000126f2000 	/System/Library/PrivateFrameworks/ChunkingLibrary.framework/Versions/A/ChunkingLibrary
0x00000000126f2000 	/System/Library/PrivateFrameworks/DisplayServices.framework/Versions/A/DisplayServices
0x00000000126f2000 	/System/Library/Frameworks/Quartz.framework/Versions/A/Frameworks/PDFKit.framework/Versions/A/PDFKit
0x00000000126f2000 	/System/Library/Frameworks/Quartz.framework/Versions/A/Frameworks/QuartzComposer.framework/Versions/A/QuartzComposer
0x00000000126f2000 	/System/Library/Frameworks/Quartz.framework/Versions/A/Frameworks/QuartzFilters.framework/Versions/A/QuartzFilters
0x00000000126f2000 	/System/Library/PrivateFrameworks/CoreBrightness.framework/Versions/A/CoreBrightness
0x00000000126f2000 	/System/Library/PrivateFrameworks/BezelServices.framework/Versions/A/BezelServices
0x00000000126f2000 	/System/Library/PrivateFrameworks/CorePDF.framework/Versions/A/CorePDF
0x00000000126f2000 	/System/Library/Frameworks/AddressBook.framework/Versions/A/AddressBook
0x00000000126f2000 	/System/Library/PrivateFrameworks/ContactsPersistence.framework/Versions/A/ContactsPersistence
0x00000000126f2000 	/System/Library/PrivateFrameworks/ApplePushService.framework/Versions/A/ApplePushService
0x00000000126f2000 	/System/Library/PrivateFrameworks/CalendarAgentLink.framework/Versions/A/CalendarAgentLink
0x00000000126f2000 	/System/Library/PrivateFrameworks/ContactsFoundation.framework/Versions/A/ContactsFoundation
0x00000000126f2000 	/System/Library/PrivateFrameworks/CorePhoneNumbers.framework/Versions/A/CorePhoneNumbers
0x00000000126f2000 	/System/Library/Frameworks/Quartz.framework/Versions/A/Quartz
0x00000000126f2000 	/System/Library/PrivateFrameworks/ToneKit.framework/Versions/A/ToneKit
0x00000000126f2000 	/System/Library/PrivateFrameworks/ToneLibrary.framework/Versions/A/ToneLibrary
0x00000000126f2000 	/System/Library/PrivateFrameworks/vCard.framework/Versions/A/vCard
0x00000000126f2000 	/System/Library/Frameworks/Accounts.framework/Versions/A/Accounts
0x00000000126f2000 	/System/Library/PrivateFrameworks/PhoneNumbers.framework/Versions/A/PhoneNumbers
0x00000000126f2000 	/System/Library/PrivateFrameworks/CommonUtilities.framework/Versions/A/CommonUtilities
0x00000000126f2000 	/System/Library/PrivateFrameworks/CloudDocs.framework/Versions/A/CloudDocs
0x00000000126f2000 	/System/Library/PrivateFrameworks/FileProvider.framework/Versions/A/FileProvider
0x00000000126f2000 	/System/Library/PrivateFrameworks/SpotlightIndex.framework/Versions/A/SpotlightIndex
0x00000000126f2000 	/System/Library/PrivateFrameworks/SymptomDiagnosticReporter.framework/Versions/A/SymptomDiagnosticReporter
0x00000000126f2000 	/System/Library/PrivateFrameworks/CoreNLP.framework/Versions/A/CoreNLP
0x00000000126f2000 	/usr/lib/libmecab.1.0.0.dylib
0x00000000126f2000 	/usr/lib/libgermantok.dylib
0x00000000126f2000 	/usr/lib/libThaiTokenizer.dylib
0x00000000126f2000 	/System/Library/PrivateFrameworks/PlugInKit.framework/Versions/A/PlugInKit
0x00000000126f2000 	/System/Library/Frameworks/CloudKit.framework/Versions/A/CloudKit
0x00000000126f2000 	/System/Library/Frameworks/CoreLocation.framework/Versions/A/CoreLocation
0x00000000126f2000 	/System/Library/PrivateFrameworks/GeoServices.framework/Versions/A/GeoServices
0x00000000126f2000 	/System/Library/PrivateFrameworks/SharePointManagement.framework/Versions/A/SharePointManagement

VM Arguments:
jvm_args: -Dfile.encoding=UTF-8 
java_command: com.ss.imageRecognitions.ImageRecognitions
java_class_path (initial): /Library/Java/JavaVirtualMachines/jdk1.8.0_151.jdk/Contents/Home/jre/lib/resources.jar:/Library/Java/JavaVirtualMachines/jdk1.8.0_151.jdk/Contents/Home/jre/lib/rt.jar:/Library/Java/JavaVirtualMachines/jdk1.8.0_151.jdk/Contents/Home/jre/lib/jsse.jar:/Library/Java/JavaVirtualMachines/jdk1.8.0_151.jdk/Contents/Home/jre/lib/jce.jar:/Library/Java/JavaVirtualMachines/jdk1.8.0_151.jdk/Contents/Home/jre/lib/charsets.jar:/Library/Java/JavaVirtualMachines/jdk1.8.0_151.jdk/Contents/Home/jre/lib/jfr.jar:/Library/Java/JavaVirtualMachines/jdk1.8.0_151.jdk/Contents/Home/jre/lib/ext/sunec.jar:/Library/Java/JavaVirtualMachines/jdk1.8.0_151.jdk/Contents/Home/jre/lib/ext/nashorn.jar:/Library/Java/JavaVirtualMachines/jdk1.8.0_151.jdk/Contents/Home/jre/lib/ext/cldrdata.jar:/Library/Java/JavaVirtualMachines/jdk1.8.0_151.jdk/Contents/Home/jre/lib/ext/jfxrt.jar:/Library/Java/JavaVirtualMachines/jdk1.8.0_151.jdk/Contents/Home/jre/lib/ext/dnsns.jar:/Library/Java/JavaVirtualMachines/jdk1.8.0_151.jdk/Contents/Home/jre/lib/ext/localedata.jar:/Library/Java/JavaVirtualMachines/jdk1.8.0_151.jdk/Contents/Home/jre/lib/ext/sunjce_provider.jar:/Library/Java/JavaVirtualMachines/jdk1.8.0_151.jdk/Contents/Home/jre/lib/ext/sunpkcs11.jar:/Library/Java/JavaVirtualMachines/jdk1.8.0_151.jdk/Contents/Home/jre/lib/ext/jaccess.jar:/Library/Java/JavaVirtualMachines/jdk1.8.0_151.jdk/Contents/Home/jre/lib/ext/zipfs.jar:/System/Library/Java/Extensions/MRJToolkit.jar:/Users/zhenhai/Downloads/SoftwareCup/imageRecognitions/bin:/Users/zhenhai/Downloads/SoftwareCup/imageRecognitions/lib/calendarcombo-1.0.0.jar:/Users/zhenhai/Downloads/SoftwareCup/imageRecognitions/lib/collapsiblebuttons-1.0.0.jar:/Users/zhenhai/Downloads/SoftwareCup/imageRecognitions/lib/com.ibm.icu_3.8.1.v20080530.jar:/Users/zhenhai/Downloads/SoftwareCup/imageRecognitions/lib/commons-beanutils-1.9.2.jar:/Users/zhenhai/Downloads/SoftwareCup/imageRecognitions/lib/commons-io-2.6.jar:/Users/zhenhai/Downloads/SoftwareCup/imageRec
Launcher Type: SUN_STANDARD

Environment Variables:
PATH=/usr/bin:/bin:/usr/sbin:/sbin
SHELL=/bin/bash

Signal Handlers:
SIGSEGV: [libjvm.dylib+0x5b27a5], sa_mask[0]=11111111011111110111111111111111, sa_flags=SA_ONSTACK|SA_RESTART|SA_SIGINFO
SIGBUS: [libjvm.dylib+0x5b27a5], sa_mask[0]=11111111011111110111111111111111, sa_flags=SA_RESTART|SA_SIGINFO
SIGFPE: [libjvm.dylib+0x4891c4], sa_mask[0]=11111111011111110111111111111111, sa_flags=SA_RESTART|SA_SIGINFO
SIGPIPE: [libjvm.dylib+0x4891c4], sa_mask[0]=11111111011111110111111111111111, sa_flags=SA_RESTART|SA_SIGINFO
SIGXFSZ: [libjvm.dylib+0x4891c4], sa_mask[0]=11111111011111110111111111111111, sa_flags=SA_RESTART|SA_SIGINFO
SIGILL: [libjvm.dylib+0x4891c4], sa_mask[0]=11111111011111110111111111111111, sa_flags=SA_RESTART|SA_SIGINFO
SIGUSR1: SIG_DFL, sa_mask[0]=00000000000000000000000000000000, sa_flags=none
SIGUSR2: [libjvm.dylib+0x488ce2], sa_mask[0]=00100000000000000000000000000000, sa_flags=SA_RESTART|SA_SIGINFO
SIGHUP: [libjvm.dylib+0x4872b9], sa_mask[0]=11111111011111110111111111111111, sa_flags=SA_RESTART|SA_SIGINFO
SIGINT: [libjvm.dylib+0x4872b9], sa_mask[0]=11111111011111110111111111111111, sa_flags=SA_RESTART|SA_SIGINFO
SIGTERM: [libjvm.dylib+0x4872b9], sa_mask[0]=11111111011111110111111111111111, sa_flags=SA_RESTART|SA_SIGINFO
SIGQUIT: [libjvm.dylib+0x4872b9], sa_mask[0]=11111111011111110111111111111111, sa_flags=SA_RESTART|SA_SIGINFO


---------------  S Y S T E M  ---------------

OS:Bsduname:Darwin 17.6.0 Darwin Kernel Version 17.6.0: Tue May  8 15:22:16 PDT 2018; root:xnu-4570.61.1~1/RELEASE_X86_64 x86_64
rlimit: STACK 8192k, CORE 0k, NPROC 709, NOFILE 10240, AS infinity
load average:2.58 2.68 2.63

CPU:total 4 (initial active 4) (2 cores per cpu, 2 threads per core) family 6 model 61 stepping 4, cmov, cx8, fxsr, mmx, sse, sse2, sse3, ssse3, sse4.1, sse4.2, popcnt, avx, avx2, aes, clmul, erms, 3dnowpref, lzcnt, ht, tsc, tscinvbit, bmi1, bmi2, adx

Memory: 4k page, physical 8388608k(25456k free)

/proc/meminfo:


vm_info: Java HotSpot(TM) 64-Bit Server VM (25.151-b12) for bsd-amd64 JRE (1.8.0_151-b12), built on Sep  5 2017 19:37:08 by "java_re" with gcc 4.2.1 (Based on Apple Inc. build 5658) (LLVM build 2336.11.00)

time: Tue Jun  5 23:20:47 2018
elapsed time: 71 seconds (0d 0h 1m 11s)

